21/01/01 00:15:12.700101 E <SYS> [0x00001714] Cannot execute the command: INSERT IGNORE INTO T_LG202012 ( 
 SRVDT, DEVDT, DEVUID, PKTDEVID, DEVLGIDX, IMGLGUID, USRID, USRGRUID, EVT, CRDSL, TNAKEY, DRUID, ZNUID, ELVTUID, DRUID1, DRUID2, DRUID3, IS_DST, TMZN_HALF, TMZN_HOUR, TMZN_NEGTV, USRUDTBYDEV, HINT, TEMPER) 
 VALUES ('2021-01-01 00:15:12',1609434917,540132441,540132441,24051,NULL,'&@~o0C+KY+EFnsYite9E7QYFQ==','1007',4865,NULL,0,NULL,NULL,NULL,NULL,NULL,NULL,0,0,7,0,'N',160943491705401324410000024051,NULL),('2021-01-01 00:15:12',1609434917,540132441,540132441,24052,NULL,NULL,NULL,20480,NULL,0,10,NULL,NULL,NULL,NULL,NULL,0,0,7,0,'N',160943491705401324410000024052,NULL);
Error code=1146
Table 'biostar2_ac.t_lg202012' doesn't exist
21/01/01 00:15:12.700101 E <SYS> [0x00001714] Failed but reason isn't retriable. Exit retry loop...
21/01/01 00:15:12.700101 E <SYS> [0x00001714] insert bulk log errors : -1 ,  1 INSERT IGNORE INTO T_LG202012 ( 
 SRVDT, DEVDT, DEVUID, PKTDEVID, DEVLGIDX, IMGLGUID, USRID, USRGRUID, EVT, CRDSL, TNAKEY, DRUID, ZNUID, ELVTUID, DRUID1, DRUID2, DRUID3, IS_DST, TMZN_HALF, TMZN_HOUR, TMZN_NEGTV, USRUDTBYDEV, HINT, TEMPER) 
 VALUES ('2021-01-01 00:15:12',1609434917,540132441,540132441,24051,NULL,'&@~o0C+KY+EFnsYite9E7QYFQ==','1007',4865,NULL,0,NULL,NULL,NULL,NULL,NULL,NULL,0,0,7,0,'N',160943491705401324410000024051,NULL),('2021-01-01 00:15:12',1609434917,540132441,540132441,24052,NULL,NULL,NULL,20480,NULL,0,10,NULL,NULL,NULL,NULL,NULL,0,0,7,0,'N',160943491705401324410000024052,NULL);

21/01/01 00:15:12.700101 E <SYS> [0x00001714] Device Id : 540132441 Log Index: 24052

21/01/01 00:15:12.700101 E <SYS> [0x00001714] DeviceService::flushToDb insert failed :24051
21/01/01 00:15:12.700101 E <SYS> [0x00001714] bulk realtime log exception : Unknown
21/01/01 00:15:15.746986 E <SYS> [0x00001714] Cannot execute the command: INSERT IGNORE INTO T_LG202012 ( 
 SRVDT, DEVDT, DEVUID, PKTDEVID, DEVLGIDX, IMGLGUID, USRID, USRGRUID, EVT, CRDSL, TNAKEY, DRUID, ZNUID, ELVTUID, DRUID1, DRUID2, DRUID3, IS_DST, TMZN_HALF, TMZN_HOUR, TMZN_NEGTV, USRUDTBYDEV, HINT, TEMPER) 
 VALUES ('2021-01-01 00:15:15',1609434920,540132441,540132441,24053,NULL,NULL,NULL,20736,NULL,0,10,NULL,NULL,NULL,NULL,NULL,0,0,7,0,'N',160943492005401324410000024053,NULL);
Error code=1146
Table 'biostar2_ac.t_lg202012' doesn't exist
21/01/01 00:15:15.746986 E <SYS> [0x00001714] Failed but reason isn't retriable. Exit retry loop...
21/01/01 00:15:15.746986 E <SYS> [0x00001714] insert bulk log errors : -1 ,  0 INSERT IGNORE INTO T_LG202012 ( 
 SRVDT, DEVDT, DEVUID, PKTDEVID, DEVLGIDX, IMGLGUID, USRID, USRGRUID, EVT, CRDSL, TNAKEY, DRUID, ZNUID, ELVTUID, DRUID1, DRUID2, DRUID3, IS_DST, TMZN_HALF, TMZN_HOUR, TMZN_NEGTV, USRUDTBYDEV, HINT, TEMPER) 
 VALUES ('2021-01-01 00:15:15',1609434920,540132441,540132441,24053,NULL,NULL,NULL,20736,NULL,0,10,NULL,NULL,NULL,NULL,NULL,0,0,7,0,'N',160943492005401324410000024053,NULL);

21/01/01 00:15:15.746986 E <SYS> [0x00001714] Device Id : 540132441 Log Index: 24053

21/01/01 00:15:15.746986 E <SYS> [0x00001714] DeviceService::flushToDb insert failed :24053
21/01/01 00:15:15.746986 E <SYS> [0x00001714] bulk realtime log exception : Unknown
21/01/01 00:16:34.676381 E <SYS> [0x00001714] Cannot execute the command: INSERT IGNORE INTO T_LG202012 ( 
 SRVDT, DEVDT, DEVUID, PKTDEVID, DEVLGIDX, IMGLGUID, USRID, USRGRUID, EVT, CRDSL, TNAKEY, DRUID, ZNUID, ELVTUID, DRUID1, DRUID2, DRUID3, IS_DST, TMZN_HALF, TMZN_HOUR, TMZN_NEGTV, USRUDTBYDEV, HINT, TEMPER) 
 VALUES ('2021-01-01 00:16:34',1609434993,540127960,540127960,18698,NULL,'&@~LK/Z4jSdKAETiL4tn8Kfcg==','1007',4865,NULL,0,NULL,NULL,NULL,NULL,NULL,NULL,0,0,7,0,'N',160943499305401279600000018698,NULL),('2021-01-01 00:16:34',1609434993,540127960,540127960,18699,NULL,NULL,NULL,20480,NULL,0,15,NULL,NULL,NULL,NULL,NULL,0,0,7,0,'N',160943499305401279600000018699,NULL);
Error code=1146
Table 'biostar2_ac.t_lg202012' doesn't exist
21/01/01 00:16:34.676381 E <SYS> [0x00001714] Failed but reason isn't retriable. Exit retry loop...
21/01/01 00:16:34.676381 E <SYS> [0x00001714] insert bulk log errors : -1 ,  1 INSERT IGNORE INTO T_LG202012 ( 
 SRVDT, DEVDT, DEVUID, PKTDEVID, DEVLGIDX, IMGLGUID, USRID, USRGRUID, EVT, CRDSL, TNAKEY, DRUID, ZNUID, ELVTUID, DRUID1, DRUID2, DRUID3, IS_DST, TMZN_HALF, TMZN_HOUR, TMZN_NEGTV, USRUDTBYDEV, HINT, TEMPER) 
 VALUES ('2021-01-01 00:16:34',1609434993,540127960,540127960,18698,NULL,'&@~LK/Z4jSdKAETiL4tn8Kfcg==','1007',4865,NULL,0,NULL,NULL,NULL,NULL,NULL,NULL,0,0,7,0,'N',160943499305401279600000018698,NULL),('2021-01-01 00:16:34',1609434993,540127960,540127960,18699,NULL,NULL,NULL,20480,NULL,0,15,NULL,NULL,NULL,NULL,NULL,0,0,7,0,'N',160943499305401279600000018699,NULL);

21/01/01 00:16:34.676381 E <SYS> [0x00001714] Device Id : 540127960 Log Index: 18699

21/01/01 00:16:34.676381 E <SYS> [0x00001714] DeviceService::flushToDb insert failed :18698
21/01/01 00:16:34.676381 E <SYS> [0x00001714] bulk realtime log exception : Unknown
21/01/01 00:16:37.723287 E <SYS> [0x00001714] Cannot execute the command: INSERT IGNORE INTO T_LG202012 ( 
 SRVDT, DEVDT, DEVUID, PKTDEVID, DEVLGIDX, IMGLGUID, USRID, USRGRUID, EVT, CRDSL, TNAKEY, DRUID, ZNUID, ELVTUID, DRUID1, DRUID2, DRUID3, IS_DST, TMZN_HALF, TMZN_HOUR, TMZN_NEGTV, USRUDTBYDEV, HINT, TEMPER) 
 VALUES ('2021-01-01 00:16:37',1609434996,540127960,540127960,18700,NULL,NULL,NULL,20736,NULL,0,15,NULL,NULL,NULL,NULL,NULL,0,0,7,0,'N',160943499605401279600000018700,NULL);
Error code=1146
Table 'biostar2_ac.t_lg202012' doesn't exist
21/01/01 00:16:37.723287 E <SYS> [0x00001714] Failed but reason isn't retriable. Exit retry loop...
21/01/01 00:16:37.723287 E <SYS> [0x00001714] insert bulk log errors : -1 ,  0 INSERT IGNORE INTO T_LG202012 ( 
 SRVDT, DEVDT, DEVUID, PKTDEVID, DEVLGIDX, IMGLGUID, USRID, USRGRUID, EVT, CRDSL, TNAKEY, DRUID, ZNUID, ELVTUID, DRUID1, DRUID2, DRUID3, IS_DST, TMZN_HALF, TMZN_HOUR, TMZN_NEGTV, USRUDTBYDEV, HINT, TEMPER) 
 VALUES ('2021-01-01 00:16:37',1609434996,540127960,540127960,18700,NULL,NULL,NULL,20736,NULL,0,15,NULL,NULL,NULL,NULL,NULL,0,0,7,0,'N',160943499605401279600000018700,NULL);

21/01/01 00:16:37.723287 E <SYS> [0x00001714] Device Id : 540127960 Log Index: 18700

21/01/01 00:16:37.723287 E <SYS> [0x00001714] DeviceService::flushToDb insert failed :18700
21/01/01 00:16:37.723287 E <SYS> [0x00001714] bulk realtime log exception : Unknown
21/01/01 00:17:14.195712 E <SYS> [0x00001714] Cannot execute the command: INSERT IGNORE INTO T_LG202012 ( 
 SRVDT, DEVDT, DEVUID, PKTDEVID, DEVLGIDX, IMGLGUID, USRID, USRGRUID, EVT, CRDSL, TNAKEY, DRUID, ZNUID, ELVTUID, DRUID1, DRUID2, DRUID3, IS_DST, TMZN_HALF, TMZN_HOUR, TMZN_NEGTV, USRUDTBYDEV, HINT, TEMPER) 
 VALUES ('2021-01-01 00:17:14',1609435038,540132441,540132441,24054,NULL,'&@~LK/Z4jSdKAETiL4tn8Kfcg==','1007',4865,NULL,0,NULL,NULL,NULL,NULL,NULL,NULL,0,0,7,0,'N',160943503805401324410000024054,NULL),('2021-01-01 00:17:14',1609435038,540132441,540132441,24055,NULL,NULL,NULL,20480,NULL,0,10,NULL,NULL,NULL,NULL,NULL,0,0,7,0,'N',160943503805401324410000024055,NULL);
Error code=1146
Table 'biostar2_ac.t_lg202012' doesn't exist
21/01/01 00:17:14.195712 E <SYS> [0x00001714] Failed but reason isn't retriable. Exit retry loop...
21/01/01 00:17:14.195712 E <SYS> [0x00001714] insert bulk log errors : -1 ,  1 INSERT IGNORE INTO T_LG202012 ( 
 SRVDT, DEVDT, DEVUID, PKTDEVID, DEVLGIDX, IMGLGUID, USRID, USRGRUID, EVT, CRDSL, TNAKEY, DRUID, ZNUID, ELVTUID, DRUID1, DRUID2, DRUID3, IS_DST, TMZN_HALF, TMZN_HOUR, TMZN_NEGTV, USRUDTBYDEV, HINT, TEMPER) 
 VALUES ('2021-01-01 00:17:14',1609435038,540132441,540132441,24054,NULL,'&@~LK/Z4jSdKAETiL4tn8Kfcg==','1007',4865,NULL,0,NULL,NULL,NULL,NULL,NULL,NULL,0,0,7,0,'N',160943503805401324410000024054,NULL),('2021-01-01 00:17:14',1609435038,540132441,540132441,24055,NULL,NULL,NULL,20480,NULL,0,10,NULL,NULL,NULL,NULL,NULL,0,0,7,0,'N',160943503805401324410000024055,NULL);

21/01/01 00:17:14.195712 E <SYS> [0x00001714] Device Id : 540132441 Log Index: 24055

21/01/01 00:17:14.195712 E <SYS> [0x00001714] DeviceService::flushToDb insert failed :24054
21/01/01 00:17:14.195712 E <SYS> [0x00001714] bulk realtime log exception : Unknown
21/01/01 00:17:17.243249 E <SYS> [0x00001714] Cannot execute the command: INSERT IGNORE INTO T_LG202012 ( 
 SRVDT, DEVDT, DEVUID, PKTDEVID, DEVLGIDX, IMGLGUID, USRID, USRGRUID, EVT, CRDSL, TNAKEY, DRUID, ZNUID, ELVTUID, DRUID1, DRUID2, DRUID3, IS_DST, TMZN_HALF, TMZN_HOUR, TMZN_NEGTV, USRUDTBYDEV, HINT, TEMPER) 
 VALUES ('2021-01-01 00:17:17',1609435041,540132441,540132441,24056,NULL,NULL,NULL,20736,NULL,0,10,NULL,NULL,NULL,NULL,NULL,0,0,7,0,'N',160943504105401324410000024056,NULL);
Error code=1146
Table 'biostar2_ac.t_lg202012' doesn't exist
21/01/01 00:17:17.243249 E <SYS> [0x00001714] Failed but reason isn't retriable. Exit retry loop...
21/01/01 00:17:17.243249 E <SYS> [0x00001714] insert bulk log errors : -1 ,  0 INSERT IGNORE INTO T_LG202012 ( 
 SRVDT, DEVDT, DEVUID, PKTDEVID, DEVLGIDX, IMGLGUID, USRID, USRGRUID, EVT, CRDSL, TNAKEY, DRUID, ZNUID, ELVTUID, DRUID1, DRUID2, DRUID3, IS_DST, TMZN_HALF, TMZN_HOUR, TMZN_NEGTV, USRUDTBYDEV, HINT, TEMPER) 
 VALUES ('2021-01-01 00:17:17',1609435041,540132441,540132441,24056,NULL,NULL,NULL,20736,NULL,0,10,NULL,NULL,NULL,NULL,NULL,0,0,7,0,'N',160943504105401324410000024056,NULL);

21/01/01 00:17:17.243249 E <SYS> [0x00001714] Device Id : 540132441 Log Index: 24056

21/01/01 00:17:17.243249 E <SYS> [0x00001714] DeviceService::flushToDb insert failed :24056
21/01/01 00:17:17.243249 E <SYS> [0x00001714] bulk realtime log exception : Unknown
21/01/01 00:19:47.172280 E <SYS> [0x00001714] Cannot execute the command: INSERT IGNORE INTO T_LG202012 ( 
 SRVDT, DEVDT, DEVUID, PKTDEVID, DEVLGIDX, IMGLGUID, USRID, USRGRUID, EVT, CRDSL, TNAKEY, DRUID, ZNUID, ELVTUID, DRUID1, DRUID2, DRUID3, IS_DST, TMZN_HALF, TMZN_HOUR, TMZN_NEGTV, USRUDTBYDEV, HINT, TEMPER) 
 VALUES ('2021-01-01 00:19:47',1609435191,540132441,540132441,24057,NULL,'&@~R7MsLVqBcUIBIf0qtIEcPQ==','1009',4865,NULL,0,NULL,NULL,NULL,NULL,NULL,NULL,0,0,7,0,'N',160943519105401324410000024057,NULL),('2021-01-01 00:19:47',1609435191,540132441,540132441,24058,NULL,NULL,NULL,20480,NULL,0,10,NULL,NULL,NULL,NULL,NULL,0,0,7,0,'N',160943519105401324410000024058,NULL);
Error code=1146
Table 'biostar2_ac.t_lg202012' doesn't exist
21/01/01 00:19:47.172280 E <SYS> [0x00001714] Failed but reason isn't retriable. Exit retry loop...
21/01/01 00:19:47.172280 E <SYS> [0x00001714] insert bulk log errors : -1 ,  1 INSERT IGNORE INTO T_LG202012 ( 
 SRVDT, DEVDT, DEVUID, PKTDEVID, DEVLGIDX, IMGLGUID, USRID, USRGRUID, EVT, CRDSL, TNAKEY, DRUID, ZNUID, ELVTUID, DRUID1, DRUID2, DRUID3, IS_DST, TMZN_HALF, TMZN_HOUR, TMZN_NEGTV, USRUDTBYDEV, HINT, TEMPER) 
 VALUES ('2021-01-01 00:19:47',1609435191,540132441,540132441,24057,NULL,'&@~R7MsLVqBcUIBIf0qtIEcPQ==','1009',4865,NULL,0,NULL,NULL,NULL,NULL,NULL,NULL,0,0,7,0,'N',160943519105401324410000024057,NULL),('2021-01-01 00:19:47',1609435191,540132441,540132441,24058,NULL,NULL,NULL,20480,NULL,0,10,NULL,NULL,NULL,NULL,NULL,0,0,7,0,'N',160943519105401324410000024058,NULL);

21/01/01 00:19:47.172280 E <SYS> [0x00001714] Device Id : 540132441 Log Index: 24058

21/01/01 00:19:47.172280 E <SYS> [0x00001714] DeviceService::flushToDb insert failed :24057
21/01/01 00:19:47.172280 E <SYS> [0x00001714] bulk realtime log exception : Unknown
21/01/01 00:19:50.203456 E <SYS> [0x00001714] Cannot execute the command: INSERT IGNORE INTO T_LG202012 ( 
 SRVDT, DEVDT, DEVUID, PKTDEVID, DEVLGIDX, IMGLGUID, USRID, USRGRUID, EVT, CRDSL, TNAKEY, DRUID, ZNUID, ELVTUID, DRUID1, DRUID2, DRUID3, IS_DST, TMZN_HALF, TMZN_HOUR, TMZN_NEGTV, USRUDTBYDEV, HINT, TEMPER) 
 VALUES ('2021-01-01 00:19:50',1609435194,540132441,540132441,24059,NULL,NULL,NULL,20736,NULL,0,10,NULL,NULL,NULL,NULL,NULL,0,0,7,0,'N',160943519405401324410000024059,NULL);
Error code=1146
Table 'biostar2_ac.t_lg202012' doesn't exist
21/01/01 00:19:50.203456 E <SYS> [0x00001714] Failed but reason isn't retriable. Exit retry loop...
21/01/01 00:19:50.203456 E <SYS> [0x00001714] insert bulk log errors : -1 ,  0 INSERT IGNORE INTO T_LG202012 ( 
 SRVDT, DEVDT, DEVUID, PKTDEVID, DEVLGIDX, IMGLGUID, USRID, USRGRUID, EVT, CRDSL, TNAKEY, DRUID, ZNUID, ELVTUID, DRUID1, DRUID2, DRUID3, IS_DST, TMZN_HALF, TMZN_HOUR, TMZN_NEGTV, USRUDTBYDEV, HINT, TEMPER) 
 VALUES ('2021-01-01 00:19:50',1609435194,540132441,540132441,24059,NULL,NULL,NULL,20736,NULL,0,10,NULL,NULL,NULL,NULL,NULL,0,0,7,0,'N',160943519405401324410000024059,NULL);

21/01/01 00:19:50.203456 E <SYS> [0x00001714] Device Id : 540132441 Log Index: 24059

21/01/01 00:19:50.203456 E <SYS> [0x00001714] DeviceService::flushToDb insert failed :24059
21/01/01 00:19:50.203456 E <SYS> [0x00001714] bulk realtime log exception : Unknown
21/01/01 00:22:45.355274 E <SYS> [0x00001714] Cannot execute the command: INSERT IGNORE INTO T_LG202012 ( 
 SRVDT, DEVDT, DEVUID, PKTDEVID, DEVLGIDX, IMGLGUID, USRID, USRGRUID, EVT, CRDSL, TNAKEY, DRUID, ZNUID, ELVTUID, DRUID1, DRUID2, DRUID3, IS_DST, TMZN_HALF, TMZN_HOUR, TMZN_NEGTV, USRUDTBYDEV, HINT, TEMPER) 
 VALUES ('2021-01-01 00:22:45',1609435369,540132441,540132441,24060,NULL,'&@~R7MsLVqBcUIBIf0qtIEcPQ==','1009',4865,NULL,0,NULL,NULL,NULL,NULL,NULL,NULL,0,0,7,0,'N',160943536905401324410000024060,NULL),('2021-01-01 00:22:45',1609435369,540132441,540132441,24061,NULL,NULL,NULL,20480,NULL,0,10,NULL,NULL,NULL,NULL,NULL,0,0,7,0,'N',160943536905401324410000024061,NULL);
Error code=1146
Table 'biostar2_ac.t_lg202012' doesn't exist
21/01/01 00:22:45.355274 E <SYS> [0x00001714] Failed but reason isn't retriable. Exit retry loop...
21/01/01 00:22:45.355274 E <SYS> [0x00001714] insert bulk log errors : -1 ,  1 INSERT IGNORE INTO T_LG202012 ( 
 SRVDT, DEVDT, DEVUID, PKTDEVID, DEVLGIDX, IMGLGUID, USRID, USRGRUID, EVT, CRDSL, TNAKEY, DRUID, ZNUID, ELVTUID, DRUID1, DRUID2, DRUID3, IS_DST, TMZN_HALF, TMZN_HOUR, TMZN_NEGTV, USRUDTBYDEV, HINT, TEMPER) 
 VALUES ('2021-01-01 00:22:45',1609435369,540132441,540132441,24060,NULL,'&@~R7MsLVqBcUIBIf0qtIEcPQ==','1009',4865,NULL,0,NULL,NULL,NULL,NULL,NULL,NULL,0,0,7,0,'N',160943536905401324410000024060,NULL),('2021-01-01 00:22:45',1609435369,540132441,540132441,24061,NULL,NULL,NULL,20480,NULL,0,10,NULL,NULL,NULL,NULL,NULL,0,0,7,0,'N',160943536905401324410000024061,NULL);

21/01/01 00:22:45.355274 E <SYS> [0x00001714] Device Id : 540132441 Log Index: 24061

21/01/01 00:22:45.355274 E <SYS> [0x00001714] DeviceService::flushToDb insert failed :24060
21/01/01 00:22:45.355274 E <SYS> [0x00001714] bulk realtime log exception : Unknown
21/01/01 00:22:48.449461 E <SYS> [0x00001714] Cannot execute the command: INSERT IGNORE INTO T_LG202012 ( 
 SRVDT, DEVDT, DEVUID, PKTDEVID, DEVLGIDX, IMGLGUID, USRID, USRGRUID, EVT, CRDSL, TNAKEY, DRUID, ZNUID, ELVTUID, DRUID1, DRUID2, DRUID3, IS_DST, TMZN_HALF, TMZN_HOUR, TMZN_NEGTV, USRUDTBYDEV, HINT, TEMPER) 
 VALUES ('2021-01-01 00:22:48',1609435372,540132441,540132441,24062,NULL,NULL,NULL,20736,NULL,0,10,NULL,NULL,NULL,NULL,NULL,0,0,7,0,'N',160943537205401324410000024062,NULL);
Error code=1146
Table 'biostar2_ac.t_lg202012' doesn't exist
21/01/01 00:22:48.449461 E <SYS> [0x00001714] Failed but reason isn't retriable. Exit retry loop...
21/01/01 00:22:48.449461 E <SYS> [0x00001714] insert bulk log errors : -1 ,  0 INSERT IGNORE INTO T_LG202012 ( 
 SRVDT, DEVDT, DEVUID, PKTDEVID, DEVLGIDX, IMGLGUID, USRID, USRGRUID, EVT, CRDSL, TNAKEY, DRUID, ZNUID, ELVTUID, DRUID1, DRUID2, DRUID3, IS_DST, TMZN_HALF, TMZN_HOUR, TMZN_NEGTV, USRUDTBYDEV, HINT, TEMPER) 
 VALUES ('2021-01-01 00:22:48',1609435372,540132441,540132441,24062,NULL,NULL,NULL,20736,NULL,0,10,NULL,NULL,NULL,NULL,NULL,0,0,7,0,'N',160943537205401324410000024062,NULL);

21/01/01 00:22:48.449461 E <SYS> [0x00001714] Device Id : 540132441 Log Index: 24062

21/01/01 00:22:48.449461 E <SYS> [0x00001714] DeviceService::flushToDb insert failed :24062
21/01/01 00:22:48.449461 E <SYS> [0x00001714] bulk realtime log exception : Unknown
21/01/01 00:27:15.892458 E <SYS> [0x00001714] Cannot execute the command: INSERT IGNORE INTO T_LG202012 ( 
 SRVDT, DEVDT, DEVUID, PKTDEVID, DEVLGIDX, IMGLGUID, USRID, USRGRUID, EVT, CRDSL, TNAKEY, DRUID, ZNUID, ELVTUID, DRUID1, DRUID2, DRUID3, IS_DST, TMZN_HALF, TMZN_HOUR, TMZN_NEGTV, USRUDTBYDEV, HINT, TEMPER) 
 VALUES ('2021-01-01 00:27:15',1609435636,540132450,540132450,29755,NULL,'&@~ENjLU218qFOBSXssPxxn5A==','1010',4865,NULL,0,NULL,NULL,NULL,NULL,NULL,NULL,0,0,7,0,'N',160943563605401324500000029755,NULL),('2021-01-01 00:27:15',1609435636,540132450,540132450,29756,NULL,NULL,NULL,20480,NULL,0,16,NULL,NULL,NULL,NULL,NULL,0,0,7,0,'N',160943563605401324500000029756,NULL);
Error code=1146
Table 'biostar2_ac.t_lg202012' doesn't exist
21/01/01 00:27:15.892458 E <SYS> [0x00001714] Failed but reason isn't retriable. Exit retry loop...
21/01/01 00:27:15.892458 E <SYS> [0x00001714] insert bulk log errors : -1 ,  1 INSERT IGNORE INTO T_LG202012 ( 
 SRVDT, DEVDT, DEVUID, PKTDEVID, DEVLGIDX, IMGLGUID, USRID, USRGRUID, EVT, CRDSL, TNAKEY, DRUID, ZNUID, ELVTUID, DRUID1, DRUID2, DRUID3, IS_DST, TMZN_HALF, TMZN_HOUR, TMZN_NEGTV, USRUDTBYDEV, HINT, TEMPER) 
 VALUES ('2021-01-01 00:27:15',1609435636,540132450,540132450,29755,NULL,'&@~ENjLU218qFOBSXssPxxn5A==','1010',4865,NULL,0,NULL,NULL,NULL,NULL,NULL,NULL,0,0,7,0,'N',160943563605401324500000029755,NULL),('2021-01-01 00:27:15',1609435636,540132450,540132450,29756,NULL,NULL,NULL,20480,NULL,0,16,NULL,NULL,NULL,NULL,NULL,0,0,7,0,'N',160943563605401324500000029756,NULL);

21/01/01 00:27:15.892458 E <SYS> [0x00001714] Device Id : 540132450 Log Index: 29756

21/01/01 00:27:15.892458 E <SYS> [0x00001714] DeviceService::flushToDb insert failed :29755
21/01/01 00:27:15.892458 E <SYS> [0x00001714] bulk realtime log exception : Unknown
21/01/01 00:27:18.954960 E <SYS> [0x00001714] Cannot execute the command: INSERT IGNORE INTO T_LG202012 ( 
 SRVDT, DEVDT, DEVUID, PKTDEVID, DEVLGIDX, IMGLGUID, USRID, USRGRUID, EVT, CRDSL, TNAKEY, DRUID, ZNUID, ELVTUID, DRUID1, DRUID2, DRUID3, IS_DST, TMZN_HALF, TMZN_HOUR, TMZN_NEGTV, USRUDTBYDEV, HINT, TEMPER) 
 VALUES ('2021-01-01 00:27:18',1609435639,540132450,540132450,29757,NULL,NULL,NULL,20736,NULL,0,16,NULL,NULL,NULL,NULL,NULL,0,0,7,0,'N',160943563905401324500000029757,NULL);
Error code=1146
Table 'biostar2_ac.t_lg202012' doesn't exist
21/01/01 00:27:18.954960 E <SYS> [0x00001714] Failed but reason isn't retriable. Exit retry loop...
21/01/01 00:27:18.954960 E <SYS> [0x00001714] insert bulk log errors : -1 ,  0 INSERT IGNORE INTO T_LG202012 ( 
 SRVDT, DEVDT, DEVUID, PKTDEVID, DEVLGIDX, IMGLGUID, USRID, USRGRUID, EVT, CRDSL, TNAKEY, DRUID, ZNUID, ELVTUID, DRUID1, DRUID2, DRUID3, IS_DST, TMZN_HALF, TMZN_HOUR, TMZN_NEGTV, USRUDTBYDEV, HINT, TEMPER) 
 VALUES ('2021-01-01 00:27:18',1609435639,540132450,540132450,29757,NULL,NULL,NULL,20736,NULL,0,16,NULL,NULL,NULL,NULL,NULL,0,0,7,0,'N',160943563905401324500000029757,NULL);

21/01/01 00:27:18.954960 E <SYS> [0x00001714] Device Id : 540132450 Log Index: 29757

21/01/01 00:27:18.954960 E <SYS> [0x00001714] DeviceService::flushToDb insert failed :29757
21/01/01 00:27:18.954960 E <SYS> [0x00001714] bulk realtime log exception : Unknown
21/01/01 00:46:33.341517 E <SYS> [0x00001714] Cannot execute the command: INSERT IGNORE INTO T_LG202012 ( 
 SRVDT, DEVDT, DEVUID, PKTDEVID, DEVLGIDX, IMGLGUID, USRID, USRGRUID, EVT, CRDSL, TNAKEY, DRUID, ZNUID, ELVTUID, DRUID1, DRUID2, DRUID3, IS_DST, TMZN_HALF, TMZN_HOUR, TMZN_NEGTV, USRUDTBYDEV, HINT, TEMPER) 
 VALUES ('2021-01-01 00:46:33',1609436791,540127960,540127960,18701,NULL,'&@~o0C+KY+EFnsYite9E7QYFQ==','1007',4865,NULL,0,NULL,NULL,NULL,NULL,NULL,NULL,0,0,7,0,'N',160943679105401279600000018701,NULL),('2021-01-01 00:46:33',1609436791,540127960,540127960,18702,NULL,NULL,NULL,20480,NULL,0,15,NULL,NULL,NULL,NULL,NULL,0,0,7,0,'N',160943679105401279600000018702,NULL);
Error code=1146
Table 'biostar2_ac.t_lg202012' doesn't exist
21/01/01 00:46:33.341517 E <SYS> [0x00001714] Failed but reason isn't retriable. Exit retry loop...
21/01/01 00:46:33.341517 E <SYS> [0x00001714] insert bulk log errors : -1 ,  1 INSERT IGNORE INTO T_LG202012 ( 
 SRVDT, DEVDT, DEVUID, PKTDEVID, DEVLGIDX, IMGLGUID, USRID, USRGRUID, EVT, CRDSL, TNAKEY, DRUID, ZNUID, ELVTUID, DRUID1, DRUID2, DRUID3, IS_DST, TMZN_HALF, TMZN_HOUR, TMZN_NEGTV, USRUDTBYDEV, HINT, TEMPER) 
 VALUES ('2021-01-01 00:46:33',1609436791,540127960,540127960,18701,NULL,'&@~o0C+KY+EFnsYite9E7QYFQ==','1007',4865,NULL,0,NULL,NULL,NULL,NULL,NULL,NULL,0,0,7,0,'N',160943679105401279600000018701,NULL),('2021-01-01 00:46:33',1609436791,540127960,540127960,18702,NULL,NULL,NULL,20480,NULL,0,15,NULL,NULL,NULL,NULL,NULL,0,0,7,0,'N',160943679105401279600000018702,NULL);

21/01/01 00:46:33.341517 E <SYS> [0x00001714] Device Id : 540127960 Log Index: 18702

21/01/01 00:46:33.341517 E <SYS> [0x00001714] DeviceService::flushToDb insert failed :18701
21/01/01 00:46:33.341517 E <SYS> [0x00001714] bulk realtime log exception : Unknown
21/01/01 00:46:36.372771 E <SYS> [0x00001714] Cannot execute the command: INSERT IGNORE INTO T_LG202012 ( 
 SRVDT, DEVDT, DEVUID, PKTDEVID, DEVLGIDX, IMGLGUID, USRID, USRGRUID, EVT, CRDSL, TNAKEY, DRUID, ZNUID, ELVTUID, DRUID1, DRUID2, DRUID3, IS_DST, TMZN_HALF, TMZN_HOUR, TMZN_NEGTV, USRUDTBYDEV, HINT, TEMPER) 
 VALUES ('2021-01-01 00:46:36',1609436794,540127960,540127960,18703,NULL,NULL,NULL,20736,NULL,0,15,NULL,NULL,NULL,NULL,NULL,0,0,7,0,'N',160943679405401279600000018703,NULL);
Error code=1146
Table 'biostar2_ac.t_lg202012' doesn't exist
21/01/01 00:46:36.372771 E <SYS> [0x00001714] Failed but reason isn't retriable. Exit retry loop...
21/01/01 00:46:36.372771 E <SYS> [0x00001714] insert bulk log errors : -1 ,  0 INSERT IGNORE INTO T_LG202012 ( 
 SRVDT, DEVDT, DEVUID, PKTDEVID, DEVLGIDX, IMGLGUID, USRID, USRGRUID, EVT, CRDSL, TNAKEY, DRUID, ZNUID, ELVTUID, DRUID1, DRUID2, DRUID3, IS_DST, TMZN_HALF, TMZN_HOUR, TMZN_NEGTV, USRUDTBYDEV, HINT, TEMPER) 
 VALUES ('2021-01-01 00:46:36',1609436794,540127960,540127960,18703,NULL,NULL,NULL,20736,NULL,0,15,NULL,NULL,NULL,NULL,NULL,0,0,7,0,'N',160943679405401279600000018703,NULL);

21/01/01 00:46:36.372771 E <SYS> [0x00001714] Device Id : 540127960 Log Index: 18703

21/01/01 00:46:36.372771 E <SYS> [0x00001714] DeviceService::flushToDb insert failed :18703
21/01/01 00:46:36.372771 E <SYS> [0x00001714] bulk realtime log exception : Unknown
21/01/01 06:17:53.626850 E <SYS> [0x00001714] Cannot execute the command: INSERT IGNORE INTO T_LG202012 ( 
 SRVDT, DEVDT, DEVUID, PKTDEVID, DEVLGIDX, IMGLGUID, USRID, USRGRUID, EVT, CRDSL, TNAKEY, DRUID, ZNUID, ELVTUID, DRUID1, DRUID2, DRUID3, IS_DST, TMZN_HALF, TMZN_HOUR, TMZN_NEGTV, USRUDTBYDEV, HINT, TEMPER) 
 VALUES ('2021-01-01 06:17:53',1609456673,540127960,540127960,18704,NULL,'&@~o0C+KY+EFnsYite9E7QYFQ==','1007',4865,NULL,0,NULL,NULL,NULL,NULL,NULL,NULL,0,0,7,0,'N',160945667305401279600000018704,NULL),('2021-01-01 06:17:53',1609456673,540127960,540127960,18705,NULL,NULL,NULL,20480,NULL,0,15,NULL,NULL,NULL,NULL,NULL,0,0,7,0,'N',160945667305401279600000018705,NULL);
Error code=1146
Table 'biostar2_ac.t_lg202012' doesn't exist
21/01/01 06:17:53.626850 E <SYS> [0x00001714] Failed but reason isn't retriable. Exit retry loop...
21/01/01 06:17:53.626850 E <SYS> [0x00001714] insert bulk log errors : -1 ,  1 INSERT IGNORE INTO T_LG202012 ( 
 SRVDT, DEVDT, DEVUID, PKTDEVID, DEVLGIDX, IMGLGUID, USRID, USRGRUID, EVT, CRDSL, TNAKEY, DRUID, ZNUID, ELVTUID, DRUID1, DRUID2, DRUID3, IS_DST, TMZN_HALF, TMZN_HOUR, TMZN_NEGTV, USRUDTBYDEV, HINT, TEMPER) 
 VALUES ('2021-01-01 06:17:53',1609456673,540127960,540127960,18704,NULL,'&@~o0C+KY+EFnsYite9E7QYFQ==','1007',4865,NULL,0,NULL,NULL,NULL,NULL,NULL,NULL,0,0,7,0,'N',160945667305401279600000018704,NULL),('2021-01-01 06:17:53',1609456673,540127960,540127960,18705,NULL,NULL,NULL,20480,NULL,0,15,NULL,NULL,NULL,NULL,NULL,0,0,7,0,'N',160945667305401279600000018705,NULL);

21/01/01 06:17:53.626850 E <SYS> [0x00001714] Device Id : 540127960 Log Index: 18705

21/01/01 06:17:53.626850 E <SYS> [0x00001714] DeviceService::flushToDb insert failed :18704
21/01/01 06:17:53.626850 E <SYS> [0x00001714] bulk realtime log exception : Unknown
21/01/01 06:17:56.642528 E <SYS> [0x00001714] Cannot execute the command: INSERT IGNORE INTO T_LG202012 ( 
 SRVDT, DEVDT, DEVUID, PKTDEVID, DEVLGIDX, IMGLGUID, USRID, USRGRUID, EVT, CRDSL, TNAKEY, DRUID, ZNUID, ELVTUID, DRUID1, DRUID2, DRUID3, IS_DST, TMZN_HALF, TMZN_HOUR, TMZN_NEGTV, USRUDTBYDEV, HINT, TEMPER) 
 VALUES ('2021-01-01 06:17:56',1609456676,540127960,540127960,18706,NULL,NULL,NULL,20736,NULL,0,15,NULL,NULL,NULL,NULL,NULL,0,0,7,0,'N',160945667605401279600000018706,NULL);
Error code=1146
Table 'biostar2_ac.t_lg202012' doesn't exist
21/01/01 06:17:56.642528 E <SYS> [0x00001714] Failed but reason isn't retriable. Exit retry loop...
21/01/01 06:17:56.642528 E <SYS> [0x00001714] insert bulk log errors : -1 ,  0 INSERT IGNORE INTO T_LG202012 ( 
 SRVDT, DEVDT, DEVUID, PKTDEVID, DEVLGIDX, IMGLGUID, USRID, USRGRUID, EVT, CRDSL, TNAKEY, DRUID, ZNUID, ELVTUID, DRUID1, DRUID2, DRUID3, IS_DST, TMZN_HALF, TMZN_HOUR, TMZN_NEGTV, USRUDTBYDEV, HINT, TEMPER) 
 VALUES ('2021-01-01 06:17:56',1609456676,540127960,540127960,18706,NULL,NULL,NULL,20736,NULL,0,15,NULL,NULL,NULL,NULL,NULL,0,0,7,0,'N',160945667605401279600000018706,NULL);

21/01/01 06:17:56.642528 E <SYS> [0x00001714] Device Id : 540127960 Log Index: 18706

21/01/01 06:17:56.642528 E <SYS> [0x00001714] DeviceService::flushToDb insert failed :18706
21/01/01 06:17:56.642528 E <SYS> [0x00001714] bulk realtime log exception : Unknown
