21/01/03 07:27:46.416568 E <SYS> [0x00001714] Cannot execute the command: INSERT IGNORE INTO T_LG202101 ( 
 SRVDT, DEVDT, DEVUID, PKTDEVID, DEVLGIDX, IMGLGUID, USRID, USRGRUID, EVT, CRDSL, TNAKEY, DRUID, ZNUID, ELVTUID, DRUID1, DRUID2, DRUID3, IS_DST, TMZN_HALF, TMZN_HOUR, TMZN_NEGTV, USRUDTBYDEV, HINT, TEMPER) 
 VALUES ('2021-01-03 07:27:46',1609633667,540127960,540127960,18801,NULL,'&@~4Lt94b8mMvCH6sAI7hkeCQ==','1007',4865,NULL,0,NULL,NULL,NULL,NULL,NULL,NULL,0,0,7,0,'N',160963366705401279600000018801,NULL),('2021-01-03 07:27:46',1609633667,540127960,540127960,18802,NULL,NULL,NULL,20480,NULL,0,15,NULL,NULL,NULL,NULL,NULL,0,0,7,0,'N',160963366705401279600000018802,NULL);
Error code=1146
Table 'biostar2_ac.t_lg202101' doesn't exist
21/01/03 07:27:46.416568 E <SYS> [0x00001714] Failed but reason isn't retriable. Exit retry loop...
21/01/03 07:27:46.416568 E <SYS> [0x00001714] insert bulk log errors : -1 ,  1 INSERT IGNORE INTO T_LG202101 ( 
 SRVDT, DEVDT, DEVUID, PKTDEVID, DEVLGIDX, IMGLGUID, USRID, USRGRUID, EVT, CRDSL, TNAKEY, DRUID, ZNUID, ELVTUID, DRUID1, DRUID2, DRUID3, IS_DST, TMZN_HALF, TMZN_HOUR, TMZN_NEGTV, USRUDTBYDEV, HINT, TEMPER) 
 VALUES ('2021-01-03 07:27:46',1609633667,540127960,540127960,18801,NULL,'&@~4Lt94b8mMvCH6sAI7hkeCQ==','1007',4865,NULL,0,NULL,NULL,NULL,NULL,NULL,NULL,0,0,7,0,'N',160963366705401279600000018801,NULL),('2021-01-03 07:27:46',1609633667,540127960,540127960,18802,NULL,NULL,NULL,20480,NULL,0,15,NULL,NULL,NULL,NULL,NULL,0,0,7,0,'N',160963366705401279600000018802,NULL);

21/01/03 07:27:46.416568 E <SYS> [0x00001714] Device Id : 540127960 Log Index: 18802

21/01/03 07:27:46.416568 E <SYS> [0x00001714] DeviceService::flushToDb insert failed :18801
21/01/03 07:27:46.416568 E <SYS> [0x00001714] bulk realtime log exception : Unknown
21/01/03 07:27:49.526451 E <SYS> [0x00001714] Cannot execute the command: INSERT IGNORE INTO T_LG202101 ( 
 SRVDT, DEVDT, DEVUID, PKTDEVID, DEVLGIDX, IMGLGUID, USRID, USRGRUID, EVT, CRDSL, TNAKEY, DRUID, ZNUID, ELVTUID, DRUID1, DRUID2, DRUID3, IS_DST, TMZN_HALF, TMZN_HOUR, TMZN_NEGTV, USRUDTBYDEV, HINT, TEMPER) 
 VALUES ('2021-01-03 07:27:49',1609633670,540127960,540127960,18803,NULL,NULL,NULL,20736,NULL,0,15,NULL,NULL,NULL,NULL,NULL,0,0,7,0,'N',160963367005401279600000018803,NULL);
Error code=1146
Table 'biostar2_ac.t_lg202101' doesn't exist
21/01/03 07:27:49.526451 E <SYS> [0x00001714] Failed but reason isn't retriable. Exit retry loop...
21/01/03 07:27:49.526451 E <SYS> [0x00001714] insert bulk log errors : -1 ,  0 INSERT IGNORE INTO T_LG202101 ( 
 SRVDT, DEVDT, DEVUID, PKTDEVID, DEVLGIDX, IMGLGUID, USRID, USRGRUID, EVT, CRDSL, TNAKEY, DRUID, ZNUID, ELVTUID, DRUID1, DRUID2, DRUID3, IS_DST, TMZN_HALF, TMZN_HOUR, TMZN_NEGTV, USRUDTBYDEV, HINT, TEMPER) 
 VALUES ('2021-01-03 07:27:49',1609633670,540127960,540127960,18803,NULL,NULL,NULL,20736,NULL,0,15,NULL,NULL,NULL,NULL,NULL,0,0,7,0,'N',160963367005401279600000018803,NULL);

21/01/03 07:27:49.526451 E <SYS> [0x00001714] Device Id : 540127960 Log Index: 18803

21/01/03 07:27:49.526451 E <SYS> [0x00001714] DeviceService::flushToDb insert failed :18803
21/01/03 07:27:49.526451 E <SYS> [0x00001714] bulk realtime log exception : Unknown
21/01/03 07:36:29.225264 E <SYS> [0x00001714] Cannot execute the command: INSERT IGNORE INTO T_LG202101 ( 
 SRVDT, DEVDT, DEVUID, PKTDEVID, DEVLGIDX, IMGLGUID, USRID, USRGRUID, EVT, CRDSL, TNAKEY, DRUID, ZNUID, ELVTUID, DRUID1, DRUID2, DRUID3, IS_DST, TMZN_HALF, TMZN_HOUR, TMZN_NEGTV, USRUDTBYDEV, HINT, TEMPER) 
 VALUES ('2021-01-03 07:36:29',1609634193,540132442,540132442,12663,NULL,'&@~02YwV7reHasVL2nO+V8Wgw==','1007',4865,NULL,0,NULL,NULL,NULL,NULL,NULL,NULL,0,0,7,0,'N',160963419305401324420000012663,NULL),('2021-01-03 07:36:29',1609634193,540132442,540132442,12664,NULL,NULL,NULL,20480,NULL,0,3,NULL,NULL,NULL,NULL,NULL,0,0,7,0,'N',160963419305401324420000012664,NULL);
Error code=1146
Table 'biostar2_ac.t_lg202101' doesn't exist
21/01/03 07:36:29.225264 E <SYS> [0x00001714] Failed but reason isn't retriable. Exit retry loop...
21/01/03 07:36:29.225264 E <SYS> [0x00001714] insert bulk log errors : -1 ,  1 INSERT IGNORE INTO T_LG202101 ( 
 SRVDT, DEVDT, DEVUID, PKTDEVID, DEVLGIDX, IMGLGUID, USRID, USRGRUID, EVT, CRDSL, TNAKEY, DRUID, ZNUID, ELVTUID, DRUID1, DRUID2, DRUID3, IS_DST, TMZN_HALF, TMZN_HOUR, TMZN_NEGTV, USRUDTBYDEV, HINT, TEMPER) 
 VALUES ('2021-01-03 07:36:29',1609634193,540132442,540132442,12663,NULL,'&@~02YwV7reHasVL2nO+V8Wgw==','1007',4865,NULL,0,NULL,NULL,NULL,NULL,NULL,NULL,0,0,7,0,'N',160963419305401324420000012663,NULL),('2021-01-03 07:36:29',1609634193,540132442,540132442,12664,NULL,NULL,NULL,20480,NULL,0,3,NULL,NULL,NULL,NULL,NULL,0,0,7,0,'N',160963419305401324420000012664,NULL);

21/01/03 07:36:29.225264 E <SYS> [0x00001714] Device Id : 540132442 Log Index: 12664

21/01/03 07:36:29.225264 E <SYS> [0x00001714] DeviceService::flushToDb insert failed :12663
21/01/03 07:36:29.225264 E <SYS> [0x00001714] bulk realtime log exception : Unknown
21/01/03 07:36:32.303397 E <SYS> [0x00001714] Cannot execute the command: INSERT IGNORE INTO T_LG202101 ( 
 SRVDT, DEVDT, DEVUID, PKTDEVID, DEVLGIDX, IMGLGUID, USRID, USRGRUID, EVT, CRDSL, TNAKEY, DRUID, ZNUID, ELVTUID, DRUID1, DRUID2, DRUID3, IS_DST, TMZN_HALF, TMZN_HOUR, TMZN_NEGTV, USRUDTBYDEV, HINT, TEMPER) 
 VALUES ('2021-01-03 07:36:32',1609634196,540132442,540132442,12665,NULL,NULL,NULL,20736,NULL,0,3,NULL,NULL,NULL,NULL,NULL,0,0,7,0,'N',160963419605401324420000012665,NULL);
Error code=1146
Table 'biostar2_ac.t_lg202101' doesn't exist
21/01/03 07:36:32.303397 E <SYS> [0x00001714] Failed but reason isn't retriable. Exit retry loop...
21/01/03 07:36:32.303397 E <SYS> [0x00001714] insert bulk log errors : -1 ,  0 INSERT IGNORE INTO T_LG202101 ( 
 SRVDT, DEVDT, DEVUID, PKTDEVID, DEVLGIDX, IMGLGUID, USRID, USRGRUID, EVT, CRDSL, TNAKEY, DRUID, ZNUID, ELVTUID, DRUID1, DRUID2, DRUID3, IS_DST, TMZN_HALF, TMZN_HOUR, TMZN_NEGTV, USRUDTBYDEV, HINT, TEMPER) 
 VALUES ('2021-01-03 07:36:32',1609634196,540132442,540132442,12665,NULL,NULL,NULL,20736,NULL,0,3,NULL,NULL,NULL,NULL,NULL,0,0,7,0,'N',160963419605401324420000012665,NULL);

21/01/03 07:36:32.303397 E <SYS> [0x00001714] Device Id : 540132442 Log Index: 12665

21/01/03 07:36:32.303397 E <SYS> [0x00001714] DeviceService::flushToDb insert failed :12665
21/01/03 07:36:32.303397 E <SYS> [0x00001714] bulk realtime log exception : Unknown
21/01/03 07:51:27.005465 E <SYS> [0x00001714] Cannot execute the command: INSERT IGNORE INTO T_LG202101 ( 
 SRVDT, DEVDT, DEVUID, PKTDEVID, DEVLGIDX, IMGLGUID, USRID, USRGRUID, EVT, CRDSL, TNAKEY, DRUID, ZNUID, ELVTUID, DRUID1, DRUID2, DRUID3, IS_DST, TMZN_HALF, TMZN_HOUR, TMZN_NEGTV, USRUDTBYDEV, HINT, TEMPER) 
 VALUES ('2021-01-03 07:51:27',1609635087,540132441,540132441,24144,NULL,'&@~bUbZYvzq2a0Vj7qsIVW+2w==','1007',4865,NULL,0,NULL,NULL,NULL,NULL,NULL,NULL,0,0,7,0,'N',160963508705401324410000024144,NULL),('2021-01-03 07:51:27',1609635087,540132441,540132441,24145,NULL,NULL,NULL,20480,NULL,0,10,NULL,NULL,NULL,NULL,NULL,0,0,7,0,'N',160963508705401324410000024145,NULL);
Error code=1146
Table 'biostar2_ac.t_lg202101' doesn't exist
21/01/03 07:51:27.005465 E <SYS> [0x00001714] Failed but reason isn't retriable. Exit retry loop...
21/01/03 07:51:27.005465 E <SYS> [0x00001714] insert bulk log errors : -1 ,  1 INSERT IGNORE INTO T_LG202101 ( 
 SRVDT, DEVDT, DEVUID, PKTDEVID, DEVLGIDX, IMGLGUID, USRID, USRGRUID, EVT, CRDSL, TNAKEY, DRUID, ZNUID, ELVTUID, DRUID1, DRUID2, DRUID3, IS_DST, TMZN_HALF, TMZN_HOUR, TMZN_NEGTV, USRUDTBYDEV, HINT, TEMPER) 
 VALUES ('2021-01-03 07:51:27',1609635087,540132441,540132441,24144,NULL,'&@~bUbZYvzq2a0Vj7qsIVW+2w==','1007',4865,NULL,0,NULL,NULL,NULL,NULL,NULL,NULL,0,0,7,0,'N',160963508705401324410000024144,NULL),('2021-01-03 07:51:27',1609635087,540132441,540132441,24145,NULL,NULL,NULL,20480,NULL,0,10,NULL,NULL,NULL,NULL,NULL,0,0,7,0,'N',160963508705401324410000024145,NULL);

21/01/03 07:51:27.005465 E <SYS> [0x00001714] Device Id : 540132441 Log Index: 24145

21/01/03 07:51:27.005465 E <SYS> [0x00001714] DeviceService::flushToDb insert failed :24144
21/01/03 07:51:27.005465 E <SYS> [0x00001714] bulk realtime log exception : Unknown
21/01/03 07:51:30.036726 E <SYS> [0x00001714] Cannot execute the command: INSERT IGNORE INTO T_LG202101 ( 
 SRVDT, DEVDT, DEVUID, PKTDEVID, DEVLGIDX, IMGLGUID, USRID, USRGRUID, EVT, CRDSL, TNAKEY, DRUID, ZNUID, ELVTUID, DRUID1, DRUID2, DRUID3, IS_DST, TMZN_HALF, TMZN_HOUR, TMZN_NEGTV, USRUDTBYDEV, HINT, TEMPER) 
 VALUES ('2021-01-03 07:51:30',1609635090,540132441,540132441,24146,NULL,NULL,NULL,20736,NULL,0,10,NULL,NULL,NULL,NULL,NULL,0,0,7,0,'N',160963509005401324410000024146,NULL);
Error code=1146
Table 'biostar2_ac.t_lg202101' doesn't exist
21/01/03 07:51:30.036726 E <SYS> [0x00001714] Failed but reason isn't retriable. Exit retry loop...
21/01/03 07:51:30.036726 E <SYS> [0x00001714] insert bulk log errors : -1 ,  0 INSERT IGNORE INTO T_LG202101 ( 
 SRVDT, DEVDT, DEVUID, PKTDEVID, DEVLGIDX, IMGLGUID, USRID, USRGRUID, EVT, CRDSL, TNAKEY, DRUID, ZNUID, ELVTUID, DRUID1, DRUID2, DRUID3, IS_DST, TMZN_HALF, TMZN_HOUR, TMZN_NEGTV, USRUDTBYDEV, HINT, TEMPER) 
 VALUES ('2021-01-03 07:51:30',1609635090,540132441,540132441,24146,NULL,NULL,NULL,20736,NULL,0,10,NULL,NULL,NULL,NULL,NULL,0,0,7,0,'N',160963509005401324410000024146,NULL);

21/01/03 07:51:30.036726 E <SYS> [0x00001714] Device Id : 540132441 Log Index: 24146

21/01/03 07:51:30.036726 E <SYS> [0x00001714] DeviceService::flushToDb insert failed :24146
21/01/03 07:51:30.036726 E <SYS> [0x00001714] bulk realtime log exception : Unknown
21/01/03 08:21:47.199979 E <SYS> [0x00001714] Cannot execute the command: INSERT IGNORE INTO T_LG202101 ( 
 SRVDT, DEVDT, DEVUID, PKTDEVID, DEVLGIDX, IMGLGUID, USRID, USRGRUID, EVT, CRDSL, TNAKEY, DRUID, ZNUID, ELVTUID, DRUID1, DRUID2, DRUID3, IS_DST, TMZN_HALF, TMZN_HOUR, TMZN_NEGTV, USRUDTBYDEV, HINT, TEMPER) 
 VALUES ('2021-01-03 08:21:47',1609636911,540132442,540132442,12666,NULL,'','0',5124,NULL,0,NULL,NULL,NULL,NULL,NULL,NULL,0,0,7,0,'N',160963691105401324420000012666,NULL);
Error code=1146
Table 'biostar2_ac.t_lg202101' doesn't exist
21/01/03 08:21:47.199979 E <SYS> [0x00001714] Failed but reason isn't retriable. Exit retry loop...
21/01/03 08:21:47.199979 E <SYS> [0x00001714] insert bulk log errors : -1 ,  0 INSERT IGNORE INTO T_LG202101 ( 
 SRVDT, DEVDT, DEVUID, PKTDEVID, DEVLGIDX, IMGLGUID, USRID, USRGRUID, EVT, CRDSL, TNAKEY, DRUID, ZNUID, ELVTUID, DRUID1, DRUID2, DRUID3, IS_DST, TMZN_HALF, TMZN_HOUR, TMZN_NEGTV, USRUDTBYDEV, HINT, TEMPER) 
 VALUES ('2021-01-03 08:21:47',1609636911,540132442,540132442,12666,NULL,'','0',5124,NULL,0,NULL,NULL,NULL,NULL,NULL,NULL,0,0,7,0,'N',160963691105401324420000012666,NULL);

21/01/03 08:21:47.199979 E <SYS> [0x00001714] Device Id : 540132442 Log Index: 12666

21/01/03 08:21:47.199979 E <SYS> [0x00001714] DeviceService::flushToDb insert failed :12666
21/01/03 08:21:47.199979 E <SYS> [0x00001714] bulk realtime log exception : Unknown
21/01/03 08:21:50.201083 E <SYS> [0x00001714] Cannot execute the command: INSERT IGNORE INTO T_LG202101 ( 
 SRVDT, DEVDT, DEVUID, PKTDEVID, DEVLGIDX, IMGLGUID, USRID, USRGRUID, EVT, CRDSL, TNAKEY, DRUID, ZNUID, ELVTUID, DRUID1, DRUID2, DRUID3, IS_DST, TMZN_HALF, TMZN_HOUR, TMZN_NEGTV, USRUDTBYDEV, HINT, TEMPER) 
 VALUES ('2021-01-03 08:21:50',1609636914,540132442,540132442,12667,NULL,'&@~02YwV7reHasVL2nO+V8Wgw==','1007',4865,NULL,0,NULL,NULL,NULL,NULL,NULL,NULL,0,0,7,0,'N',160963691405401324420000012667,NULL),('2021-01-03 08:21:50',1609636914,540132442,540132442,12668,NULL,NULL,NULL,20480,NULL,0,3,NULL,NULL,NULL,NULL,NULL,0,0,7,0,'N',160963691405401324420000012668,NULL);
Error code=1146
Table 'biostar2_ac.t_lg202101' doesn't exist
21/01/03 08:21:50.201083 E <SYS> [0x00001714] Failed but reason isn't retriable. Exit retry loop...
21/01/03 08:21:50.201083 E <SYS> [0x00001714] insert bulk log errors : -1 ,  1 INSERT IGNORE INTO T_LG202101 ( 
 SRVDT, DEVDT, DEVUID, PKTDEVID, DEVLGIDX, IMGLGUID, USRID, USRGRUID, EVT, CRDSL, TNAKEY, DRUID, ZNUID, ELVTUID, DRUID1, DRUID2, DRUID3, IS_DST, TMZN_HALF, TMZN_HOUR, TMZN_NEGTV, USRUDTBYDEV, HINT, TEMPER) 
 VALUES ('2021-01-03 08:21:50',1609636914,540132442,540132442,12667,NULL,'&@~02YwV7reHasVL2nO+V8Wgw==','1007',4865,NULL,0,NULL,NULL,NULL,NULL,NULL,NULL,0,0,7,0,'N',160963691405401324420000012667,NULL),('2021-01-03 08:21:50',1609636914,540132442,540132442,12668,NULL,NULL,NULL,20480,NULL,0,3,NULL,NULL,NULL,NULL,NULL,0,0,7,0,'N',160963691405401324420000012668,NULL);

21/01/03 08:21:50.201083 E <SYS> [0x00001714] Device Id : 540132442 Log Index: 12668

21/01/03 08:21:50.201083 E <SYS> [0x00001714] DeviceService::flushToDb insert failed :12667
21/01/03 08:21:50.201083 E <SYS> [0x00001714] bulk realtime log exception : Unknown
21/01/03 08:21:53.279220 E <SYS> [0x00001714] Cannot execute the command: INSERT IGNORE INTO T_LG202101 ( 
 SRVDT, DEVDT, DEVUID, PKTDEVID, DEVLGIDX, IMGLGUID, USRID, USRGRUID, EVT, CRDSL, TNAKEY, DRUID, ZNUID, ELVTUID, DRUID1, DRUID2, DRUID3, IS_DST, TMZN_HALF, TMZN_HOUR, TMZN_NEGTV, USRUDTBYDEV, HINT, TEMPER) 
 VALUES ('2021-01-03 08:21:53',1609636917,540132442,540132442,12669,NULL,NULL,NULL,20736,NULL,0,3,NULL,NULL,NULL,NULL,NULL,0,0,7,0,'N',160963691705401324420000012669,NULL);
Error code=1146
Table 'biostar2_ac.t_lg202101' doesn't exist
21/01/03 08:21:53.279220 E <SYS> [0x00001714] Failed but reason isn't retriable. Exit retry loop...
21/01/03 08:21:53.279220 E <SYS> [0x00001714] insert bulk log errors : -1 ,  0 INSERT IGNORE INTO T_LG202101 ( 
 SRVDT, DEVDT, DEVUID, PKTDEVID, DEVLGIDX, IMGLGUID, USRID, USRGRUID, EVT, CRDSL, TNAKEY, DRUID, ZNUID, ELVTUID, DRUID1, DRUID2, DRUID3, IS_DST, TMZN_HALF, TMZN_HOUR, TMZN_NEGTV, USRUDTBYDEV, HINT, TEMPER) 
 VALUES ('2021-01-03 08:21:53',1609636917,540132442,540132442,12669,NULL,NULL,NULL,20736,NULL,0,3,NULL,NULL,NULL,NULL,NULL,0,0,7,0,'N',160963691705401324420000012669,NULL);

21/01/03 08:21:53.279220 E <SYS> [0x00001714] Device Id : 540132442 Log Index: 12669

21/01/03 08:21:53.279220 E <SYS> [0x00001714] DeviceService::flushToDb insert failed :12669
21/01/03 08:21:53.279220 E <SYS> [0x00001714] bulk realtime log exception : Unknown
21/01/03 08:48:44.044692 E <SYS> [0x00001714] Cannot execute the command: INSERT IGNORE INTO T_LG202101 ( 
 SRVDT, DEVDT, DEVUID, PKTDEVID, DEVLGIDX, IMGLGUID, USRID, USRGRUID, EVT, CRDSL, TNAKEY, DRUID, ZNUID, ELVTUID, DRUID1, DRUID2, DRUID3, IS_DST, TMZN_HALF, TMZN_HOUR, TMZN_NEGTV, USRUDTBYDEV, HINT, TEMPER) 
 VALUES ('2021-01-03 08:48:44',1609638524,540132441,540132441,24147,NULL,'&@~e3gLWNBrMSn05gFuBKqzHQ==','1009',4865,NULL,0,NULL,NULL,NULL,NULL,NULL,NULL,0,0,7,0,'N',160963852405401324410000024147,NULL),('2021-01-03 08:48:44',1609638524,540132441,540132441,24148,NULL,NULL,NULL,20480,NULL,0,10,NULL,NULL,NULL,NULL,NULL,0,0,7,0,'N',160963852405401324410000024148,NULL);
Error code=1146
Table 'biostar2_ac.t_lg202101' doesn't exist
21/01/03 08:48:44.044692 E <SYS> [0x00001714] Failed but reason isn't retriable. Exit retry loop...
21/01/03 08:48:44.044692 E <SYS> [0x00001714] insert bulk log errors : -1 ,  1 INSERT IGNORE INTO T_LG202101 ( 
 SRVDT, DEVDT, DEVUID, PKTDEVID, DEVLGIDX, IMGLGUID, USRID, USRGRUID, EVT, CRDSL, TNAKEY, DRUID, ZNUID, ELVTUID, DRUID1, DRUID2, DRUID3, IS_DST, TMZN_HALF, TMZN_HOUR, TMZN_NEGTV, USRUDTBYDEV, HINT, TEMPER) 
 VALUES ('2021-01-03 08:48:44',1609638524,540132441,540132441,24147,NULL,'&@~e3gLWNBrMSn05gFuBKqzHQ==','1009',4865,NULL,0,NULL,NULL,NULL,NULL,NULL,NULL,0,0,7,0,'N',160963852405401324410000024147,NULL),('2021-01-03 08:48:44',1609638524,540132441,540132441,24148,NULL,NULL,NULL,20480,NULL,0,10,NULL,NULL,NULL,NULL,NULL,0,0,7,0,'N',160963852405401324410000024148,NULL);

21/01/03 08:48:44.044692 E <SYS> [0x00001714] Device Id : 540132441 Log Index: 24148

21/01/03 08:48:44.044692 E <SYS> [0x00001714] DeviceService::flushToDb insert failed :24147
21/01/03 08:48:44.044692 E <SYS> [0x00001714] bulk realtime log exception : Unknown
21/01/03 08:48:47.091713 E <SYS> [0x00001714] Cannot execute the command: INSERT IGNORE INTO T_LG202101 ( 
 SRVDT, DEVDT, DEVUID, PKTDEVID, DEVLGIDX, IMGLGUID, USRID, USRGRUID, EVT, CRDSL, TNAKEY, DRUID, ZNUID, ELVTUID, DRUID1, DRUID2, DRUID3, IS_DST, TMZN_HALF, TMZN_HOUR, TMZN_NEGTV, USRUDTBYDEV, HINT, TEMPER) 
 VALUES ('2021-01-03 08:48:47',1609638527,540132441,540132441,24149,NULL,NULL,NULL,20736,NULL,0,10,NULL,NULL,NULL,NULL,NULL,0,0,7,0,'N',160963852705401324410000024149,NULL);
Error code=1146
Table 'biostar2_ac.t_lg202101' doesn't exist
21/01/03 08:48:47.091713 E <SYS> [0x00001714] Failed but reason isn't retriable. Exit retry loop...
21/01/03 08:48:47.091713 E <SYS> [0x00001714] insert bulk log errors : -1 ,  0 INSERT IGNORE INTO T_LG202101 ( 
 SRVDT, DEVDT, DEVUID, PKTDEVID, DEVLGIDX, IMGLGUID, USRID, USRGRUID, EVT, CRDSL, TNAKEY, DRUID, ZNUID, ELVTUID, DRUID1, DRUID2, DRUID3, IS_DST, TMZN_HALF, TMZN_HOUR, TMZN_NEGTV, USRUDTBYDEV, HINT, TEMPER) 
 VALUES ('2021-01-03 08:48:47',1609638527,540132441,540132441,24149,NULL,NULL,NULL,20736,NULL,0,10,NULL,NULL,NULL,NULL,NULL,0,0,7,0,'N',160963852705401324410000024149,NULL);

21/01/03 08:48:47.091713 E <SYS> [0x00001714] Device Id : 540132441 Log Index: 24149

21/01/03 08:48:47.091713 E <SYS> [0x00001714] DeviceService::flushToDb insert failed :24149
21/01/03 08:48:47.091713 E <SYS> [0x00001714] bulk realtime log exception : Unknown
21/01/03 09:08:30.589778 E <SYS> [0x00001714] Cannot execute the command: INSERT IGNORE INTO T_LG202101 ( 
 SRVDT, DEVDT, DEVUID, PKTDEVID, DEVLGIDX, IMGLGUID, USRID, USRGRUID, EVT, CRDSL, TNAKEY, DRUID, ZNUID, ELVTUID, DRUID1, DRUID2, DRUID3, IS_DST, TMZN_HALF, TMZN_HOUR, TMZN_NEGTV, USRUDTBYDEV, HINT, TEMPER) 
 VALUES ('2021-01-03 09:08:30',1609639715,540132442,540132442,12670,NULL,'&@~M0ERrmQ6cv9fuohwpRNYHQ==','1007',4865,NULL,0,NULL,NULL,NULL,NULL,NULL,NULL,0,0,7,0,'N',160963971505401324420000012670,NULL),('2021-01-03 09:08:30',1609639715,540132442,540132442,12671,NULL,NULL,NULL,20480,NULL,0,3,NULL,NULL,NULL,NULL,NULL,0,0,7,0,'N',160963971505401324420000012671,NULL);
Error code=1146
Table 'biostar2_ac.t_lg202101' doesn't exist
21/01/03 09:08:30.589778 E <SYS> [0x00001714] Failed but reason isn't retriable. Exit retry loop...
21/01/03 09:08:30.589778 E <SYS> [0x00001714] insert bulk log errors : -1 ,  1 INSERT IGNORE INTO T_LG202101 ( 
 SRVDT, DEVDT, DEVUID, PKTDEVID, DEVLGIDX, IMGLGUID, USRID, USRGRUID, EVT, CRDSL, TNAKEY, DRUID, ZNUID, ELVTUID, DRUID1, DRUID2, DRUID3, IS_DST, TMZN_HALF, TMZN_HOUR, TMZN_NEGTV, USRUDTBYDEV, HINT, TEMPER) 
 VALUES ('2021-01-03 09:08:30',1609639715,540132442,540132442,12670,NULL,'&@~M0ERrmQ6cv9fuohwpRNYHQ==','1007',4865,NULL,0,NULL,NULL,NULL,NULL,NULL,NULL,0,0,7,0,'N',160963971505401324420000012670,NULL),('2021-01-03 09:08:30',1609639715,540132442,540132442,12671,NULL,NULL,NULL,20480,NULL,0,3,NULL,NULL,NULL,NULL,NULL,0,0,7,0,'N',160963971505401324420000012671,NULL);

21/01/03 09:08:30.589778 E <SYS> [0x00001714] Device Id : 540132442 Log Index: 12671

21/01/03 09:08:30.589778 E <SYS> [0x00001714] DeviceService::flushToDb insert failed :12670
21/01/03 09:08:30.589778 E <SYS> [0x00001714] bulk realtime log exception : Unknown
21/01/03 09:08:33.683520 E <SYS> [0x00001714] Cannot execute the command: INSERT IGNORE INTO T_LG202101 ( 
 SRVDT, DEVDT, DEVUID, PKTDEVID, DEVLGIDX, IMGLGUID, USRID, USRGRUID, EVT, CRDSL, TNAKEY, DRUID, ZNUID, ELVTUID, DRUID1, DRUID2, DRUID3, IS_DST, TMZN_HALF, TMZN_HOUR, TMZN_NEGTV, USRUDTBYDEV, HINT, TEMPER) 
 VALUES ('2021-01-03 09:08:33',1609639718,540132442,540132442,12672,NULL,NULL,NULL,20736,NULL,0,3,NULL,NULL,NULL,NULL,NULL,0,0,7,0,'N',160963971805401324420000012672,NULL);
Error code=1146
Table 'biostar2_ac.t_lg202101' doesn't exist
21/01/03 09:08:33.683520 E <SYS> [0x00001714] Failed but reason isn't retriable. Exit retry loop...
21/01/03 09:08:33.683520 E <SYS> [0x00001714] insert bulk log errors : -1 ,  0 INSERT IGNORE INTO T_LG202101 ( 
 SRVDT, DEVDT, DEVUID, PKTDEVID, DEVLGIDX, IMGLGUID, USRID, USRGRUID, EVT, CRDSL, TNAKEY, DRUID, ZNUID, ELVTUID, DRUID1, DRUID2, DRUID3, IS_DST, TMZN_HALF, TMZN_HOUR, TMZN_NEGTV, USRUDTBYDEV, HINT, TEMPER) 
 VALUES ('2021-01-03 09:08:33',1609639718,540132442,540132442,12672,NULL,NULL,NULL,20736,NULL,0,3,NULL,NULL,NULL,NULL,NULL,0,0,7,0,'N',160963971805401324420000012672,NULL);

21/01/03 09:08:33.683520 E <SYS> [0x00001714] Device Id : 540132442 Log Index: 12672

21/01/03 09:08:33.683520 E <SYS> [0x00001714] DeviceService::flushToDb insert failed :12672
21/01/03 09:08:33.683520 E <SYS> [0x00001714] bulk realtime log exception : Unknown
21/01/03 09:29:10.490469 E <SYS> [0x00001714] Cannot execute the command: INSERT IGNORE INTO T_LG202101 ( 
 SRVDT, DEVDT, DEVUID, PKTDEVID, DEVLGIDX, IMGLGUID, USRID, USRGRUID, EVT, CRDSL, TNAKEY, DRUID, ZNUID, ELVTUID, DRUID1, DRUID2, DRUID3, IS_DST, TMZN_HALF, TMZN_HOUR, TMZN_NEGTV, USRUDTBYDEV, HINT, TEMPER) 
 VALUES ('2021-01-03 09:29:10',1609640955,540132442,540132442,12673,NULL,'&@~M0ERrmQ6cv9fuohwpRNYHQ==','1007',4865,NULL,0,NULL,NULL,NULL,NULL,NULL,NULL,0,0,7,0,'N',160964095505401324420000012673,NULL),('2021-01-03 09:29:10',1609640955,540132442,540132442,12674,NULL,NULL,NULL,20480,NULL,0,3,NULL,NULL,NULL,NULL,NULL,0,0,7,0,'N',160964095505401324420000012674,NULL);
Error code=1146
Table 'biostar2_ac.t_lg202101' doesn't exist
21/01/03 09:29:10.490469 E <SYS> [0x00001714] Failed but reason isn't retriable. Exit retry loop...
21/01/03 09:29:10.490469 E <SYS> [0x00001714] insert bulk log errors : -1 ,  1 INSERT IGNORE INTO T_LG202101 ( 
 SRVDT, DEVDT, DEVUID, PKTDEVID, DEVLGIDX, IMGLGUID, USRID, USRGRUID, EVT, CRDSL, TNAKEY, DRUID, ZNUID, ELVTUID, DRUID1, DRUID2, DRUID3, IS_DST, TMZN_HALF, TMZN_HOUR, TMZN_NEGTV, USRUDTBYDEV, HINT, TEMPER) 
 VALUES ('2021-01-03 09:29:10',1609640955,540132442,540132442,12673,NULL,'&@~M0ERrmQ6cv9fuohwpRNYHQ==','1007',4865,NULL,0,NULL,NULL,NULL,NULL,NULL,NULL,0,0,7,0,'N',160964095505401324420000012673,NULL),('2021-01-03 09:29:10',1609640955,540132442,540132442,12674,NULL,NULL,NULL,20480,NULL,0,3,NULL,NULL,NULL,NULL,NULL,0,0,7,0,'N',160964095505401324420000012674,NULL);

21/01/03 09:29:10.490469 E <SYS> [0x00001714] Device Id : 540132442 Log Index: 12674

21/01/03 09:29:10.490469 E <SYS> [0x00001714] DeviceService::flushToDb insert failed :12673
21/01/03 09:29:10.490469 E <SYS> [0x00001714] bulk realtime log exception : Unknown
21/01/03 09:29:13.491416 E <SYS> [0x00001714] Cannot execute the command: INSERT IGNORE INTO T_LG202101 ( 
 SRVDT, DEVDT, DEVUID, PKTDEVID, DEVLGIDX, IMGLGUID, USRID, USRGRUID, EVT, CRDSL, TNAKEY, DRUID, ZNUID, ELVTUID, DRUID1, DRUID2, DRUID3, IS_DST, TMZN_HALF, TMZN_HOUR, TMZN_NEGTV, USRUDTBYDEV, HINT, TEMPER) 
 VALUES ('2021-01-03 09:29:13',1609640958,540132442,540132442,12675,NULL,NULL,NULL,20736,NULL,0,3,NULL,NULL,NULL,NULL,NULL,0,0,7,0,'N',160964095805401324420000012675,NULL);
Error code=1146
Table 'biostar2_ac.t_lg202101' doesn't exist
21/01/03 09:29:13.491416 E <SYS> [0x00001714] Failed but reason isn't retriable. Exit retry loop...
21/01/03 09:29:13.491416 E <SYS> [0x00001714] insert bulk log errors : -1 ,  0 INSERT IGNORE INTO T_LG202101 ( 
 SRVDT, DEVDT, DEVUID, PKTDEVID, DEVLGIDX, IMGLGUID, USRID, USRGRUID, EVT, CRDSL, TNAKEY, DRUID, ZNUID, ELVTUID, DRUID1, DRUID2, DRUID3, IS_DST, TMZN_HALF, TMZN_HOUR, TMZN_NEGTV, USRUDTBYDEV, HINT, TEMPER) 
 VALUES ('2021-01-03 09:29:13',1609640958,540132442,540132442,12675,NULL,NULL,NULL,20736,NULL,0,3,NULL,NULL,NULL,NULL,NULL,0,0,7,0,'N',160964095805401324420000012675,NULL);

21/01/03 09:29:13.491416 E <SYS> [0x00001714] Device Id : 540132442 Log Index: 12675

21/01/03 09:29:13.491416 E <SYS> [0x00001714] DeviceService::flushToDb insert failed :12675
21/01/03 09:29:13.491416 E <SYS> [0x00001714] bulk realtime log exception : Unknown
21/01/03 09:36:31.315733 E <SYS> [0x00001714] Cannot execute the command: INSERT IGNORE INTO T_LG202101 ( 
 SRVDT, DEVDT, DEVUID, PKTDEVID, DEVLGIDX, IMGLGUID, USRID, USRGRUID, EVT, CRDSL, TNAKEY, DRUID, ZNUID, ELVTUID, DRUID1, DRUID2, DRUID3, IS_DST, TMZN_HALF, TMZN_HOUR, TMZN_NEGTV, USRUDTBYDEV, HINT, TEMPER) 
 VALUES ('2021-01-03 09:36:31',1609641395,540132442,540132442,12676,NULL,'&@~M0ERrmQ6cv9fuohwpRNYHQ==','1007',4865,NULL,0,NULL,NULL,NULL,NULL,NULL,NULL,0,0,7,0,'N',160964139505401324420000012676,NULL),('2021-01-03 09:36:31',1609641395,540132442,540132442,12677,NULL,NULL,NULL,20480,NULL,0,3,NULL,NULL,NULL,NULL,NULL,0,0,7,0,'N',160964139505401324420000012677,NULL);
Error code=1146
Table 'biostar2_ac.t_lg202101' doesn't exist
21/01/03 09:36:31.315733 E <SYS> [0x00001714] Failed but reason isn't retriable. Exit retry loop...
21/01/03 09:36:31.315733 E <SYS> [0x00001714] insert bulk log errors : -1 ,  1 INSERT IGNORE INTO T_LG202101 ( 
 SRVDT, DEVDT, DEVUID, PKTDEVID, DEVLGIDX, IMGLGUID, USRID, USRGRUID, EVT, CRDSL, TNAKEY, DRUID, ZNUID, ELVTUID, DRUID1, DRUID2, DRUID3, IS_DST, TMZN_HALF, TMZN_HOUR, TMZN_NEGTV, USRUDTBYDEV, HINT, TEMPER) 
 VALUES ('2021-01-03 09:36:31',1609641395,540132442,540132442,12676,NULL,'&@~M0ERrmQ6cv9fuohwpRNYHQ==','1007',4865,NULL,0,NULL,NULL,NULL,NULL,NULL,NULL,0,0,7,0,'N',160964139505401324420000012676,NULL),('2021-01-03 09:36:31',1609641395,540132442,540132442,12677,NULL,NULL,NULL,20480,NULL,0,3,NULL,NULL,NULL,NULL,NULL,0,0,7,0,'N',160964139505401324420000012677,NULL);

21/01/03 09:36:31.315733 E <SYS> [0x00001714] Device Id : 540132442 Log Index: 12677

21/01/03 09:36:31.315733 E <SYS> [0x00001714] DeviceService::flushToDb insert failed :12676
21/01/03 09:36:31.315733 E <SYS> [0x00001714] bulk realtime log exception : Unknown
21/01/03 09:36:34.346873 E <SYS> [0x00001714] Cannot execute the command: INSERT IGNORE INTO T_LG202101 ( 
 SRVDT, DEVDT, DEVUID, PKTDEVID, DEVLGIDX, IMGLGUID, USRID, USRGRUID, EVT, CRDSL, TNAKEY, DRUID, ZNUID, ELVTUID, DRUID1, DRUID2, DRUID3, IS_DST, TMZN_HALF, TMZN_HOUR, TMZN_NEGTV, USRUDTBYDEV, HINT, TEMPER) 
 VALUES ('2021-01-03 09:36:34',1609641398,540132442,540132442,12678,NULL,NULL,NULL,20736,NULL,0,3,NULL,NULL,NULL,NULL,NULL,0,0,7,0,'N',160964139805401324420000012678,NULL);
Error code=1146
Table 'biostar2_ac.t_lg202101' doesn't exist
21/01/03 09:36:34.346873 E <SYS> [0x00001714] Failed but reason isn't retriable. Exit retry loop...
21/01/03 09:36:34.346873 E <SYS> [0x00001714] insert bulk log errors : -1 ,  0 INSERT IGNORE INTO T_LG202101 ( 
 SRVDT, DEVDT, DEVUID, PKTDEVID, DEVLGIDX, IMGLGUID, USRID, USRGRUID, EVT, CRDSL, TNAKEY, DRUID, ZNUID, ELVTUID, DRUID1, DRUID2, DRUID3, IS_DST, TMZN_HALF, TMZN_HOUR, TMZN_NEGTV, USRUDTBYDEV, HINT, TEMPER) 
 VALUES ('2021-01-03 09:36:34',1609641398,540132442,540132442,12678,NULL,NULL,NULL,20736,NULL,0,3,NULL,NULL,NULL,NULL,NULL,0,0,7,0,'N',160964139805401324420000012678,NULL);

21/01/03 09:36:34.346873 E <SYS> [0x00001714] Device Id : 540132442 Log Index: 12678

21/01/03 09:36:34.346873 E <SYS> [0x00001714] DeviceService::flushToDb insert failed :12678
21/01/03 09:36:34.346873 E <SYS> [0x00001714] bulk realtime log exception : Unknown
21/01/03 09:56:18.812323 E <SYS> [0x00001714] Cannot execute the command: INSERT IGNORE INTO T_LG202101 ( 
 SRVDT, DEVDT, DEVUID, PKTDEVID, DEVLGIDX, IMGLGUID, USRID, USRGRUID, EVT, CRDSL, TNAKEY, DRUID, ZNUID, ELVTUID, DRUID1, DRUID2, DRUID3, IS_DST, TMZN_HALF, TMZN_HOUR, TMZN_NEGTV, USRUDTBYDEV, HINT, TEMPER) 
 VALUES ('2021-01-03 09:56:18',1609642578,540132441,540132441,24150,NULL,'&@~OunQs4Ci+nr7SIcaiBNEsw==','1006',4865,NULL,0,NULL,NULL,NULL,NULL,NULL,NULL,0,0,7,0,'N',160964257805401324410000024150,NULL),('2021-01-03 09:56:18',1609642578,540132441,540132441,24151,NULL,NULL,NULL,20480,NULL,0,10,NULL,NULL,NULL,NULL,NULL,0,0,7,0,'N',160964257805401324410000024151,NULL);
Error code=1146
Table 'biostar2_ac.t_lg202101' doesn't exist
21/01/03 09:56:18.812323 E <SYS> [0x00001714] Failed but reason isn't retriable. Exit retry loop...
21/01/03 09:56:18.812323 E <SYS> [0x00001714] insert bulk log errors : -1 ,  1 INSERT IGNORE INTO T_LG202101 ( 
 SRVDT, DEVDT, DEVUID, PKTDEVID, DEVLGIDX, IMGLGUID, USRID, USRGRUID, EVT, CRDSL, TNAKEY, DRUID, ZNUID, ELVTUID, DRUID1, DRUID2, DRUID3, IS_DST, TMZN_HALF, TMZN_HOUR, TMZN_NEGTV, USRUDTBYDEV, HINT, TEMPER) 
 VALUES ('2021-01-03 09:56:18',1609642578,540132441,540132441,24150,NULL,'&@~OunQs4Ci+nr7SIcaiBNEsw==','1006',4865,NULL,0,NULL,NULL,NULL,NULL,NULL,NULL,0,0,7,0,'N',160964257805401324410000024150,NULL),('2021-01-03 09:56:18',1609642578,540132441,540132441,24151,NULL,NULL,NULL,20480,NULL,0,10,NULL,NULL,NULL,NULL,NULL,0,0,7,0,'N',160964257805401324410000024151,NULL);

21/01/03 09:56:18.812323 E <SYS> [0x00001714] Device Id : 540132441 Log Index: 24151

21/01/03 09:56:18.812323 E <SYS> [0x00001714] DeviceService::flushToDb insert failed :24150
21/01/03 09:56:18.812323 E <SYS> [0x00001714] bulk realtime log exception : Unknown
21/01/03 09:56:21.874836 E <SYS> [0x00001714] Cannot execute the command: INSERT IGNORE INTO T_LG202101 ( 
 SRVDT, DEVDT, DEVUID, PKTDEVID, DEVLGIDX, IMGLGUID, USRID, USRGRUID, EVT, CRDSL, TNAKEY, DRUID, ZNUID, ELVTUID, DRUID1, DRUID2, DRUID3, IS_DST, TMZN_HALF, TMZN_HOUR, TMZN_NEGTV, USRUDTBYDEV, HINT, TEMPER) 
 VALUES ('2021-01-03 09:56:21',1609642581,540132441,540132441,24152,NULL,NULL,NULL,20736,NULL,0,10,NULL,NULL,NULL,NULL,NULL,0,0,7,0,'N',160964258105401324410000024152,NULL);
Error code=1146
Table 'biostar2_ac.t_lg202101' doesn't exist
21/01/03 09:56:21.874836 E <SYS> [0x00001714] Failed but reason isn't retriable. Exit retry loop...
21/01/03 09:56:21.874836 E <SYS> [0x00001714] insert bulk log errors : -1 ,  0 INSERT IGNORE INTO T_LG202101 ( 
 SRVDT, DEVDT, DEVUID, PKTDEVID, DEVLGIDX, IMGLGUID, USRID, USRGRUID, EVT, CRDSL, TNAKEY, DRUID, ZNUID, ELVTUID, DRUID1, DRUID2, DRUID3, IS_DST, TMZN_HALF, TMZN_HOUR, TMZN_NEGTV, USRUDTBYDEV, HINT, TEMPER) 
 VALUES ('2021-01-03 09:56:21',1609642581,540132441,540132441,24152,NULL,NULL,NULL,20736,NULL,0,10,NULL,NULL,NULL,NULL,NULL,0,0,7,0,'N',160964258105401324410000024152,NULL);

21/01/03 09:56:21.874836 E <SYS> [0x00001714] Device Id : 540132441 Log Index: 24152

21/01/03 09:56:21.874836 E <SYS> [0x00001714] DeviceService::flushToDb insert failed :24152
21/01/03 09:56:21.874836 E <SYS> [0x00001714] bulk realtime log exception : Unknown
21/01/03 10:15:55.361388 E <NET> [0x00000254] no response for keep alive: [DeviceTcpConnection] ptr=000000E6CE36C980,device=540133103,type=12,mode=1,status=4
21/01/03 10:15:55.361388 E <NET> [0x0000255c] tcp failed to read header: [DeviceTcpConnection] ptr=000000E6CE36C980,device=540133103,type=12,mode=1,status=0,error=The I/O operation has been aborted because of either a thread exit or an application request
21/01/03 10:15:55.908258 E <SYS> [0x00001714] Cannot execute the command: INSERT IGNORE INTO T_LG202101 ( 
 SRVDT, DEVDT, DEVUID, PKTDEVID, DEVLGIDX, IMGLGUID, USRID, USRGRUID, EVT, CRDSL, TNAKEY, DRUID, ZNUID, ELVTUID, DRUID1, DRUID2, DRUID3, IS_DST, TMZN_HALF, TMZN_HOUR, TMZN_NEGTV, USRUDTBYDEV, HINT, TEMPER) 
 VALUES ('2021-01-03 10:15:55',1609643755,540133103,0,193,NULL,'','0',4095,NULL,0,NULL,NULL,NULL,NULL,NULL,NULL,1,0,7,0,'N',160964375500000000000000000193,NULL);
Error code=1146
Table 'biostar2_ac.t_lg202101' doesn't exist
21/01/03 10:15:55.908258 E <SYS> [0x00001714] Failed but reason isn't retriable. Exit retry loop...
21/01/03 10:15:55.908258 E <SYS> [0x00001714] insert bulk log errors : -1 ,  0 INSERT IGNORE INTO T_LG202101 ( 
 SRVDT, DEVDT, DEVUID, PKTDEVID, DEVLGIDX, IMGLGUID, USRID, USRGRUID, EVT, CRDSL, TNAKEY, DRUID, ZNUID, ELVTUID, DRUID1, DRUID2, DRUID3, IS_DST, TMZN_HALF, TMZN_HOUR, TMZN_NEGTV, USRUDTBYDEV, HINT, TEMPER) 
 VALUES ('2021-01-03 10:15:55',1609643755,540133103,0,193,NULL,'','0',4095,NULL,0,NULL,NULL,NULL,NULL,NULL,NULL,1,0,7,0,'N',160964375500000000000000000193,NULL);

21/01/03 10:15:55.908258 E <SYS> [0x00001714] Device Id : 0 Log Index: 193

21/01/03 10:15:55.908258 E <SYS> [0x00001714] DeviceService::flushToDb insert failed :193
21/01/03 10:15:55.908258 E <SYS> [0x00001714] bulk realtime log exception : Unknown
21/01/03 10:16:00.659025 E <NET> [0x00000254] no response for keep alive: [DeviceTcpConnection] ptr=000000E6CE36A290,device=540132450,type=12,mode=1,status=4
21/01/03 10:16:00.659025 E <NET> [0x0000255c] tcp failed to read header: [DeviceTcpConnection] ptr=000000E6CE36A290,device=540132450,type=12,mode=1,status=4,error=The I/O operation has been aborted because of either a thread exit or an application request
21/01/03 10:16:00.972191 E <SYS> [0x00001714] Cannot execute the command: INSERT IGNORE INTO T_LG202101 ( 
 SRVDT, DEVDT, DEVUID, PKTDEVID, DEVLGIDX, IMGLGUID, USRID, USRGRUID, EVT, CRDSL, TNAKEY, DRUID, ZNUID, ELVTUID, DRUID1, DRUID2, DRUID3, IS_DST, TMZN_HALF, TMZN_HOUR, TMZN_NEGTV, USRUDTBYDEV, HINT, TEMPER) 
 VALUES ('2021-01-03 10:16:00',1609643760,540132450,0,194,NULL,'','0',4095,NULL,0,NULL,NULL,NULL,NULL,NULL,NULL,1,0,7,0,'N',160964376000000000000000000194,NULL);
Error code=1146
Table 'biostar2_ac.t_lg202101' doesn't exist
21/01/03 10:16:00.972191 E <SYS> [0x00001714] Failed but reason isn't retriable. Exit retry loop...
21/01/03 10:16:00.972191 E <SYS> [0x00001714] insert bulk log errors : -1 ,  0 INSERT IGNORE INTO T_LG202101 ( 
 SRVDT, DEVDT, DEVUID, PKTDEVID, DEVLGIDX, IMGLGUID, USRID, USRGRUID, EVT, CRDSL, TNAKEY, DRUID, ZNUID, ELVTUID, DRUID1, DRUID2, DRUID3, IS_DST, TMZN_HALF, TMZN_HOUR, TMZN_NEGTV, USRUDTBYDEV, HINT, TEMPER) 
 VALUES ('2021-01-03 10:16:00',1609643760,540132450,0,194,NULL,'','0',4095,NULL,0,NULL,NULL,NULL,NULL,NULL,NULL,1,0,7,0,'N',160964376000000000000000000194,NULL);

21/01/03 10:16:00.972191 E <SYS> [0x00001714] Device Id : 0 Log Index: 194

21/01/03 10:16:00.972191 E <SYS> [0x00001714] DeviceService::flushToDb insert failed :194
21/01/03 10:16:00.972191 E <SYS> [0x00001714] bulk realtime log exception : Unknown
21/01/03 10:16:04.628440 E <NET> [0x00001410] no response for keep alive: [DeviceTcpConnection] ptr=000000E6CE36D4A0,device=540127958,type=12,mode=0,status=4
21/01/03 10:16:04.628440 E <NET> [0x0000255c] tcp failed to read header: [DeviceTcpConnection] ptr=000000E6CE36D4A0,device=540127958,type=12,mode=0,status=0,error=The I/O operation has been aborted because of either a thread exit or an application request
21/01/03 10:16:05.034699 E <SYS> [0x00001714] Cannot execute the command: INSERT IGNORE INTO T_LG202101 ( 
 SRVDT, DEVDT, DEVUID, PKTDEVID, DEVLGIDX, IMGLGUID, USRID, USRGRUID, EVT, CRDSL, TNAKEY, DRUID, ZNUID, ELVTUID, DRUID1, DRUID2, DRUID3, IS_DST, TMZN_HALF, TMZN_HOUR, TMZN_NEGTV, USRUDTBYDEV, HINT, TEMPER) 
 VALUES ('2021-01-03 10:16:05',1609643764,540127958,0,195,NULL,'','0',4095,NULL,0,NULL,NULL,NULL,NULL,NULL,NULL,1,0,7,0,'N',160964376400000000000000000195,NULL);
Error code=1146
Table 'biostar2_ac.t_lg202101' doesn't exist
21/01/03 10:16:05.034699 E <SYS> [0x00001714] Failed but reason isn't retriable. Exit retry loop...
21/01/03 10:16:05.034699 E <SYS> [0x00001714] insert bulk log errors : -1 ,  0 INSERT IGNORE INTO T_LG202101 ( 
 SRVDT, DEVDT, DEVUID, PKTDEVID, DEVLGIDX, IMGLGUID, USRID, USRGRUID, EVT, CRDSL, TNAKEY, DRUID, ZNUID, ELVTUID, DRUID1, DRUID2, DRUID3, IS_DST, TMZN_HALF, TMZN_HOUR, TMZN_NEGTV, USRUDTBYDEV, HINT, TEMPER) 
 VALUES ('2021-01-03 10:16:05',1609643764,540127958,0,195,NULL,'','0',4095,NULL,0,NULL,NULL,NULL,NULL,NULL,NULL,1,0,7,0,'N',160964376400000000000000000195,NULL);

21/01/03 10:16:05.034699 E <SYS> [0x00001714] Device Id : 0 Log Index: 195

21/01/03 10:16:05.034699 E <SYS> [0x00001714] DeviceService::flushToDb insert failed :195
21/01/03 10:16:05.034699 E <SYS> [0x00001714] bulk realtime log exception : Unknown
21/01/03 10:16:06.300322 E <NET> [0x00001410] no response for keep alive: [DeviceTcpConnection] ptr=000000E6CE369D00,device=540132200,type=12,mode=0,status=4
21/01/03 10:16:06.300322 E <NET> [0x0000255c] tcp failed to read header: [DeviceTcpConnection] ptr=000000E6CE369D00,device=540132200,type=12,mode=0,status=0,error=The I/O operation has been aborted because of either a thread exit or an application request
21/01/03 10:16:07.081565 E <SYS> [0x00001714] Cannot execute the command: INSERT IGNORE INTO T_LG202101 ( 
 SRVDT, DEVDT, DEVUID, PKTDEVID, DEVLGIDX, IMGLGUID, USRID, USRGRUID, EVT, CRDSL, TNAKEY, DRUID, ZNUID, ELVTUID, DRUID1, DRUID2, DRUID3, IS_DST, TMZN_HALF, TMZN_HOUR, TMZN_NEGTV, USRUDTBYDEV, HINT, TEMPER) 
 VALUES ('2021-01-03 10:16:07',1609643766,540132200,0,196,NULL,'','0',4095,NULL,0,NULL,NULL,NULL,NULL,NULL,NULL,1,0,7,0,'N',160964376600000000000000000196,NULL);
Error code=1146
Table 'biostar2_ac.t_lg202101' doesn't exist
21/01/03 10:16:07.081565 E <SYS> [0x00001714] Failed but reason isn't retriable. Exit retry loop...
21/01/03 10:16:07.081565 E <SYS> [0x00001714] insert bulk log errors : -1 ,  0 INSERT IGNORE INTO T_LG202101 ( 
 SRVDT, DEVDT, DEVUID, PKTDEVID, DEVLGIDX, IMGLGUID, USRID, USRGRUID, EVT, CRDSL, TNAKEY, DRUID, ZNUID, ELVTUID, DRUID1, DRUID2, DRUID3, IS_DST, TMZN_HALF, TMZN_HOUR, TMZN_NEGTV, USRUDTBYDEV, HINT, TEMPER) 
 VALUES ('2021-01-03 10:16:07',1609643766,540132200,0,196,NULL,'','0',4095,NULL,0,NULL,NULL,NULL,NULL,NULL,NULL,1,0,7,0,'N',160964376600000000000000000196,NULL);

21/01/03 10:16:07.081565 E <SYS> [0x00001714] Device Id : 0 Log Index: 196

21/01/03 10:16:07.081565 E <SYS> [0x00001714] DeviceService::flushToDb insert failed :196
21/01/03 10:16:07.081565 E <SYS> [0x00001714] bulk realtime log exception : Unknown
21/01/03 10:16:09.269086 E <NET> [0x00001410] no response for keep alive: [DeviceTcpConnection] ptr=000000E6CE36B8D0,device=540132202,type=12,mode=1,status=4
21/01/03 10:16:09.269086 E <NET> [0x0000255c] tcp failed to read header: [DeviceTcpConnection] ptr=000000E6CE36B8D0,device=540132202,type=12,mode=1,status=0,error=The I/O operation has been aborted because of either a thread exit or an application request
21/01/03 10:16:10.097216 E <SYS> [0x00001714] Cannot execute the command: INSERT IGNORE INTO T_LG202101 ( 
 SRVDT, DEVDT, DEVUID, PKTDEVID, DEVLGIDX, IMGLGUID, USRID, USRGRUID, EVT, CRDSL, TNAKEY, DRUID, ZNUID, ELVTUID, DRUID1, DRUID2, DRUID3, IS_DST, TMZN_HALF, TMZN_HOUR, TMZN_NEGTV, USRUDTBYDEV, HINT, TEMPER) 
 VALUES ('2021-01-03 10:16:10',1609643769,540132202,0,197,NULL,'','0',4095,NULL,0,NULL,NULL,NULL,NULL,NULL,NULL,1,0,7,0,'N',160964376900000000000000000197,NULL);
Error code=1146
Table 'biostar2_ac.t_lg202101' doesn't exist
21/01/03 10:16:10.097216 E <SYS> [0x00001714] Failed but reason isn't retriable. Exit retry loop...
21/01/03 10:16:10.097216 E <SYS> [0x00001714] insert bulk log errors : -1 ,  0 INSERT IGNORE INTO T_LG202101 ( 
 SRVDT, DEVDT, DEVUID, PKTDEVID, DEVLGIDX, IMGLGUID, USRID, USRGRUID, EVT, CRDSL, TNAKEY, DRUID, ZNUID, ELVTUID, DRUID1, DRUID2, DRUID3, IS_DST, TMZN_HALF, TMZN_HOUR, TMZN_NEGTV, USRUDTBYDEV, HINT, TEMPER) 
 VALUES ('2021-01-03 10:16:10',1609643769,540132202,0,197,NULL,'','0',4095,NULL,0,NULL,NULL,NULL,NULL,NULL,NULL,1,0,7,0,'N',160964376900000000000000000197,NULL);

21/01/03 10:16:10.097216 E <SYS> [0x00001714] Device Id : 0 Log Index: 197

21/01/03 10:16:10.097216 E <SYS> [0x00001714] DeviceService::flushToDb insert failed :197
21/01/03 10:16:10.097216 E <SYS> [0x00001714] bulk realtime log exception : Unknown
21/01/03 10:16:12.894133 E <NET> [0x00001410] no response for keep alive: [DeviceTcpConnection] ptr=000000E6CE36B340,device=540132441,type=12,mode=1,status=4
21/01/03 10:16:12.894133 E <NET> [0x0000255c] tcp failed to read header: [DeviceTcpConnection] ptr=000000E6CE36B340,device=540132441,type=12,mode=1,status=4,error=The I/O operation has been aborted because of either a thread exit or an application request
21/01/03 10:16:13.159761 E <SYS> [0x00001714] Cannot execute the command: INSERT IGNORE INTO T_LG202101 ( 
 SRVDT, DEVDT, DEVUID, PKTDEVID, DEVLGIDX, IMGLGUID, USRID, USRGRUID, EVT, CRDSL, TNAKEY, DRUID, ZNUID, ELVTUID, DRUID1, DRUID2, DRUID3, IS_DST, TMZN_HALF, TMZN_HOUR, TMZN_NEGTV, USRUDTBYDEV, HINT, TEMPER) 
 VALUES ('2021-01-03 10:16:13',1609643772,540132441,0,198,NULL,'','0',4095,NULL,0,NULL,NULL,NULL,NULL,NULL,NULL,1,0,7,0,'N',160964377200000000000000000198,NULL);
Error code=1146
Table 'biostar2_ac.t_lg202101' doesn't exist
21/01/03 10:16:13.159761 E <SYS> [0x00001714] Failed but reason isn't retriable. Exit retry loop...
21/01/03 10:16:13.159761 E <SYS> [0x00001714] insert bulk log errors : -1 ,  0 INSERT IGNORE INTO T_LG202101 ( 
 SRVDT, DEVDT, DEVUID, PKTDEVID, DEVLGIDX, IMGLGUID, USRID, USRGRUID, EVT, CRDSL, TNAKEY, DRUID, ZNUID, ELVTUID, DRUID1, DRUID2, DRUID3, IS_DST, TMZN_HALF, TMZN_HOUR, TMZN_NEGTV, USRUDTBYDEV, HINT, TEMPER) 
 VALUES ('2021-01-03 10:16:13',1609643772,540132441,0,198,NULL,'','0',4095,NULL,0,NULL,NULL,NULL,NULL,NULL,NULL,1,0,7,0,'N',160964377200000000000000000198,NULL);

21/01/03 10:16:13.159761 E <SYS> [0x00001714] Device Id : 0 Log Index: 198

21/01/03 10:16:13.159761 E <SYS> [0x00001714] DeviceService::flushToDb insert failed :198
21/01/03 10:16:13.159761 E <SYS> [0x00001714] bulk realtime log exception : Unknown
21/01/03 10:16:15.112889 E <NET> [0x00002744] no response for keep alive: [DeviceTcpConnection] ptr=000000E6CB8B5560,device=540132442,type=12,mode=1,status=4
21/01/03 10:16:15.112889 E <NET> [0x0000255c] tcp failed to read header: [DeviceTcpConnection] ptr=000000E6CB8B5560,device=540132442,type=12,mode=1,status=0,error=The I/O operation has been aborted because of either a thread exit or an application request
21/01/03 10:16:15.175393 E <SYS> [0x00001714] Cannot execute the command: INSERT IGNORE INTO T_LG202101 ( 
 SRVDT, DEVDT, DEVUID, PKTDEVID, DEVLGIDX, IMGLGUID, USRID, USRGRUID, EVT, CRDSL, TNAKEY, DRUID, ZNUID, ELVTUID, DRUID1, DRUID2, DRUID3, IS_DST, TMZN_HALF, TMZN_HOUR, TMZN_NEGTV, USRUDTBYDEV, HINT, TEMPER) 
 VALUES ('2021-01-03 10:16:15',1609643775,540132442,0,199,NULL,'','0',4095,NULL,0,NULL,NULL,NULL,NULL,NULL,NULL,1,0,7,0,'N',160964377500000000000000000199,NULL);
Error code=1146
Table 'biostar2_ac.t_lg202101' doesn't exist
21/01/03 10:16:15.175393 E <SYS> [0x00001714] Failed but reason isn't retriable. Exit retry loop...
21/01/03 10:16:15.175393 E <SYS> [0x00001714] insert bulk log errors : -1 ,  0 INSERT IGNORE INTO T_LG202101 ( 
 SRVDT, DEVDT, DEVUID, PKTDEVID, DEVLGIDX, IMGLGUID, USRID, USRGRUID, EVT, CRDSL, TNAKEY, DRUID, ZNUID, ELVTUID, DRUID1, DRUID2, DRUID3, IS_DST, TMZN_HALF, TMZN_HOUR, TMZN_NEGTV, USRUDTBYDEV, HINT, TEMPER) 
 VALUES ('2021-01-03 10:16:15',1609643775,540132442,0,199,NULL,'','0',4095,NULL,0,NULL,NULL,NULL,NULL,NULL,NULL,1,0,7,0,'N',160964377500000000000000000199,NULL);

21/01/03 10:16:15.175393 E <SYS> [0x00001714] Device Id : 0 Log Index: 199

21/01/03 10:16:15.175393 E <SYS> [0x00001714] DeviceService::flushToDb insert failed :199
21/01/03 10:16:15.175393 E <SYS> [0x00001714] bulk realtime log exception : Unknown
21/01/03 10:16:18.066813 E <NET> [0x00000254] no response for keep alive: [DeviceTcpConnection] ptr=000000E6CE36C3F0,device=540127960,type=12,mode=1,status=4
21/01/03 10:16:18.066813 E <NET> [0x0000255c] tcp failed to read header: [DeviceTcpConnection] ptr=000000E6CE36C3F0,device=540127960,type=12,mode=1,status=0,error=The I/O operation has been aborted because of either a thread exit or an application request
21/01/03 10:16:18.191793 E <SYS> [0x00001714] Cannot execute the command: INSERT IGNORE INTO T_LG202101 ( 
 SRVDT, DEVDT, DEVUID, PKTDEVID, DEVLGIDX, IMGLGUID, USRID, USRGRUID, EVT, CRDSL, TNAKEY, DRUID, ZNUID, ELVTUID, DRUID1, DRUID2, DRUID3, IS_DST, TMZN_HALF, TMZN_HOUR, TMZN_NEGTV, USRUDTBYDEV, HINT, TEMPER) 
 VALUES ('2021-01-03 10:16:18',1609643778,540127960,0,200,NULL,'','0',4095,NULL,0,NULL,NULL,NULL,NULL,NULL,NULL,1,0,7,0,'N',160964377800000000000000000200,NULL);
Error code=1146
Table 'biostar2_ac.t_lg202101' doesn't exist
21/01/03 10:16:18.191793 E <SYS> [0x00001714] Failed but reason isn't retriable. Exit retry loop...
21/01/03 10:16:18.191793 E <SYS> [0x00001714] insert bulk log errors : -1 ,  0 INSERT IGNORE INTO T_LG202101 ( 
 SRVDT, DEVDT, DEVUID, PKTDEVID, DEVLGIDX, IMGLGUID, USRID, USRGRUID, EVT, CRDSL, TNAKEY, DRUID, ZNUID, ELVTUID, DRUID1, DRUID2, DRUID3, IS_DST, TMZN_HALF, TMZN_HOUR, TMZN_NEGTV, USRUDTBYDEV, HINT, TEMPER) 
 VALUES ('2021-01-03 10:16:18',1609643778,540127960,0,200,NULL,'','0',4095,NULL,0,NULL,NULL,NULL,NULL,NULL,NULL,1,0,7,0,'N',160964377800000000000000000200,NULL);

21/01/03 10:16:18.191793 E <SYS> [0x00001714] Device Id : 0 Log Index: 200

21/01/03 10:16:18.191793 E <SYS> [0x00001714] DeviceService::flushToDb insert failed :200
21/01/03 10:16:18.191793 E <SYS> [0x00001714] bulk realtime log exception : Unknown
21/01/03 10:17:03.226534 E <NET> [0x0000255c] failed to connect: ip=10.120.50.192,port=51211,error=10060
21/01/03 10:17:03.242144 E <NET> [0x0000255c] failed to connect: ip=10.120.50.193,port=51211,error=10060
21/01/03 10:18:03.244076 E <NET> [0x0000255c] failed to connect: ip=10.120.50.193,port=51211,error=10060
21/01/03 10:18:03.244076 E <NET> [0x000011ec] failed to connect: ip=10.120.50.192,port=51211,error=10060
21/01/03 10:19:03.281912 E <NET> [0x000011ec] failed to connect: ip=10.120.50.193,port=51211,error=10060
21/01/03 10:19:03.281912 E <NET> [0x0000255c] failed to connect: ip=10.120.50.192,port=51211,error=10060
21/01/03 10:20:03.261457 E <NET> [0x000011ec] failed to connect: ip=10.120.50.192,port=51211,error=10060
21/01/03 10:20:03.261457 E <NET> [0x0000255c] failed to connect: ip=10.120.50.193,port=51211,error=10060
21/01/03 10:21:03.251468 E <NET> [0x0000255c] failed to connect: ip=10.120.50.193,port=51211,error=10060
21/01/03 10:21:03.282713 E <NET> [0x0000255c] failed to connect: ip=10.120.50.192,port=51211,error=10060
21/01/03 10:22:03.287811 E <NET> [0x0000255c] failed to connect: ip=10.120.50.192,port=51211,error=10060
21/01/03 10:22:03.303436 E <NET> [0x0000255c] failed to connect: ip=10.120.50.193,port=51211,error=10060
21/01/03 10:22:56.970807 E <SYS> [0x000011ec] handle error packet: [packet] code=256,codeStr=BS2_PROTO_UNSUPPORTED,device=540132450,cmd=0x107,cmdstr=BS2_CMD_GET_CONFIG_EX,seq=26,version=3,payload=0,param1=0,param2=0,flag=3,option=256,index=0,total=0
21/01/03 10:22:57.470802 E <SYS> [0x00001714] Cannot execute the command: INSERT IGNORE INTO T_LG202101 ( 
 SRVDT, DEVDT, DEVUID, PKTDEVID, DEVLGIDX, IMGLGUID, USRID, USRGRUID, EVT, CRDSL, TNAKEY, DRUID, ZNUID, ELVTUID, DRUID1, DRUID2, DRUID3, IS_DST, TMZN_HALF, TMZN_HOUR, TMZN_NEGTV, USRUDTBYDEV, HINT, TEMPER) 
 VALUES ('2021-01-03 10:22:57',1609643758,540132450,540132450,29761,NULL,'','0',15360,NULL,0,NULL,NULL,NULL,NULL,NULL,NULL,0,0,7,0,'N',160964375805401324500000029761,NULL),('2021-01-03 10:22:57',1609644180,540132450,540132450,29762,NULL,'','0',15104,NULL,0,NULL,NULL,NULL,NULL,NULL,NULL,0,0,7,0,'N',160964418005401324500000029762,NULL);
Error code=1146
Table 'biostar2_ac.t_lg202101' doesn't exist
21/01/03 10:22:57.470802 E <SYS> [0x00001714] Failed but reason isn't retriable. Exit retry loop...
21/01/03 10:22:57.470802 E <SYS> [0x00001714] insert bulk log errors : -1 ,  1 INSERT IGNORE INTO T_LG202101 ( 
 SRVDT, DEVDT, DEVUID, PKTDEVID, DEVLGIDX, IMGLGUID, USRID, USRGRUID, EVT, CRDSL, TNAKEY, DRUID, ZNUID, ELVTUID, DRUID1, DRUID2, DRUID3, IS_DST, TMZN_HALF, TMZN_HOUR, TMZN_NEGTV, USRUDTBYDEV, HINT, TEMPER) 
 VALUES ('2021-01-03 10:22:57',1609643758,540132450,540132450,29761,NULL,'','0',15360,NULL,0,NULL,NULL,NULL,NULL,NULL,NULL,0,0,7,0,'N',160964375805401324500000029761,NULL),('2021-01-03 10:22:57',1609644180,540132450,540132450,29762,NULL,'','0',15104,NULL,0,NULL,NULL,NULL,NULL,NULL,NULL,0,0,7,0,'N',160964418005401324500000029762,NULL);

21/01/03 10:22:57.470802 E <SYS> [0x00001714] Device Id : 540132450 Log Index: 29762

21/01/03 10:22:57.470802 E <SYS> [0x00001714] insert failed 
21/01/03 10:23:00.705192 E <SYS> [0x000018f0] handle error packet: [packet] code=256,codeStr=BS2_PROTO_UNSUPPORTED,device=540132202,cmd=0x107,cmdstr=BS2_CMD_GET_CONFIG_EX,seq=14,version=3,payload=0,param1=0,param2=0,flag=3,option=256,index=0,total=0
21/01/03 10:23:01.486475 E <SYS> [0x00001714] Cannot execute the command: INSERT IGNORE INTO T_LG202101 ( 
 SRVDT, DEVDT, DEVUID, PKTDEVID, DEVLGIDX, IMGLGUID, USRID, USRGRUID, EVT, CRDSL, TNAKEY, DRUID, ZNUID, ELVTUID, DRUID1, DRUID2, DRUID3, IS_DST, TMZN_HALF, TMZN_HOUR, TMZN_NEGTV, USRUDTBYDEV, HINT, TEMPER) 
 VALUES ('2021-01-03 10:23:01',1609643763,540132202,540132202,8388,NULL,'','0',15360,NULL,0,NULL,NULL,NULL,NULL,NULL,NULL,0,0,7,0,'N',160964376305401322020000008388,NULL),('2021-01-03 10:23:01',1609644179,540132202,540132202,8389,NULL,'','0',15104,NULL,0,NULL,NULL,NULL,NULL,NULL,NULL,0,0,7,0,'N',160964417905401322020000008389,NULL);
Error code=1146
Table 'biostar2_ac.t_lg202101' doesn't exist
21/01/03 10:23:01.486475 E <SYS> [0x00001714] Failed but reason isn't retriable. Exit retry loop...
21/01/03 10:23:01.486475 E <SYS> [0x00001714] insert bulk log errors : -1 ,  1 INSERT IGNORE INTO T_LG202101 ( 
 SRVDT, DEVDT, DEVUID, PKTDEVID, DEVLGIDX, IMGLGUID, USRID, USRGRUID, EVT, CRDSL, TNAKEY, DRUID, ZNUID, ELVTUID, DRUID1, DRUID2, DRUID3, IS_DST, TMZN_HALF, TMZN_HOUR, TMZN_NEGTV, USRUDTBYDEV, HINT, TEMPER) 
 VALUES ('2021-01-03 10:23:01',1609643763,540132202,540132202,8388,NULL,'','0',15360,NULL,0,NULL,NULL,NULL,NULL,NULL,NULL,0,0,7,0,'N',160964376305401322020000008388,NULL),('2021-01-03 10:23:01',1609644179,540132202,540132202,8389,NULL,'','0',15104,NULL,0,NULL,NULL,NULL,NULL,NULL,NULL,0,0,7,0,'N',160964417905401322020000008389,NULL);

21/01/03 10:23:01.486475 E <SYS> [0x00001714] Device Id : 540132202 Log Index: 8389

21/01/03 10:23:01.486475 E <SYS> [0x00001714] insert failed 
21/01/03 10:23:01.830211 E <SYS> [0x000011ec] handle error packet: [packet] code=256,codeStr=BS2_PROTO_UNSUPPORTED,device=540132442,cmd=0x107,cmdstr=BS2_CMD_GET_CONFIG_EX,seq=14,version=3,payload=0,param1=0,param2=0,flag=3,option=256,index=0,total=0
21/01/03 10:23:02.502080 E <SYS> [0x00001714] Cannot execute the command: INSERT IGNORE INTO T_LG202101 ( 
 SRVDT, DEVDT, DEVUID, PKTDEVID, DEVLGIDX, IMGLGUID, USRID, USRGRUID, EVT, CRDSL, TNAKEY, DRUID, ZNUID, ELVTUID, DRUID1, DRUID2, DRUID3, IS_DST, TMZN_HALF, TMZN_HOUR, TMZN_NEGTV, USRUDTBYDEV, HINT, TEMPER) 
 VALUES ('2021-01-03 10:23:02',1609643770,540132442,540132442,12679,NULL,'','0',15360,NULL,0,NULL,NULL,NULL,NULL,NULL,NULL,0,0,7,0,'N',160964377005401324420000012679,NULL),('2021-01-03 10:23:02',1609644186,540132442,540132442,12680,NULL,'','0',15104,NULL,0,NULL,NULL,NULL,NULL,NULL,NULL,0,0,7,0,'N',160964418605401324420000012680,NULL);
Error code=1146
Table 'biostar2_ac.t_lg202101' doesn't exist
21/01/03 10:23:02.502080 E <SYS> [0x00001714] Failed but reason isn't retriable. Exit retry loop...
21/01/03 10:23:02.502080 E <SYS> [0x00001714] insert bulk log errors : -1 ,  1 INSERT IGNORE INTO T_LG202101 ( 
 SRVDT, DEVDT, DEVUID, PKTDEVID, DEVLGIDX, IMGLGUID, USRID, USRGRUID, EVT, CRDSL, TNAKEY, DRUID, ZNUID, ELVTUID, DRUID1, DRUID2, DRUID3, IS_DST, TMZN_HALF, TMZN_HOUR, TMZN_NEGTV, USRUDTBYDEV, HINT, TEMPER) 
 VALUES ('2021-01-03 10:23:02',1609643770,540132442,540132442,12679,NULL,'','0',15360,NULL,0,NULL,NULL,NULL,NULL,NULL,NULL,0,0,7,0,'N',160964377005401324420000012679,NULL),('2021-01-03 10:23:02',1609644186,540132442,540132442,12680,NULL,'','0',15104,NULL,0,NULL,NULL,NULL,NULL,NULL,NULL,0,0,7,0,'N',160964418605401324420000012680,NULL);

21/01/03 10:23:02.502080 E <SYS> [0x00001714] Device Id : 540132442 Log Index: 12680

21/01/03 10:23:02.502080 E <SYS> [0x00001714] insert failed 
21/01/03 10:23:03.283332 E <NET> [0x000011ec] failed to connect: ip=10.120.50.193,port=51211,error=10060
21/01/03 10:23:03.314568 E <NET> [0x000011ec] failed to connect: ip=10.120.50.192,port=51211,error=10060
21/01/03 10:23:21.801359 E <SYS> [0x0000255c] handle error packet: [packet] code=256,codeStr=BS2_PROTO_UNSUPPORTED,device=540133103,cmd=0x107,cmdstr=BS2_CMD_GET_CONFIG_EX,seq=14,version=3,payload=0,param1=0,param2=0,flag=3,option=256,index=0,total=0
21/01/03 10:23:22.441973 E <SYS> [0x000011ec] handle error packet: [packet] code=256,codeStr=BS2_PROTO_UNSUPPORTED,device=540127960,cmd=0x107,cmdstr=BS2_CMD_GET_CONFIG_EX,seq=14,version=3,payload=0,param1=0,param2=0,flag=3,option=256,index=0,total=0
21/01/03 10:23:22.816991 E <SYS> [0x00001714] Cannot execute the command: INSERT IGNORE INTO T_LG202101 ( 
 SRVDT, DEVDT, DEVUID, PKTDEVID, DEVLGIDX, IMGLGUID, USRID, USRGRUID, EVT, CRDSL, TNAKEY, DRUID, ZNUID, ELVTUID, DRUID1, DRUID2, DRUID3, IS_DST, TMZN_HALF, TMZN_HOUR, TMZN_NEGTV, USRUDTBYDEV, HINT, TEMPER) 
 VALUES ('2021-01-03 10:23:22',1609643774,540127960,540127960,18804,NULL,'','0',15360,NULL,0,NULL,NULL,NULL,NULL,NULL,NULL,0,0,7,0,'N',160964377405401279600000018804,NULL),('2021-01-03 10:23:22',1609644203,540127960,540127960,18805,NULL,'','0',15104,NULL,0,NULL,NULL,NULL,NULL,NULL,NULL,0,0,7,0,'N',160964420305401279600000018805,NULL);
Error code=1146
Table 'biostar2_ac.t_lg202101' doesn't exist
21/01/03 10:23:22.816991 E <SYS> [0x00001714] Failed but reason isn't retriable. Exit retry loop...
21/01/03 10:23:22.816991 E <SYS> [0x00001714] insert bulk log errors : -1 ,  1 INSERT IGNORE INTO T_LG202101 ( 
 SRVDT, DEVDT, DEVUID, PKTDEVID, DEVLGIDX, IMGLGUID, USRID, USRGRUID, EVT, CRDSL, TNAKEY, DRUID, ZNUID, ELVTUID, DRUID1, DRUID2, DRUID3, IS_DST, TMZN_HALF, TMZN_HOUR, TMZN_NEGTV, USRUDTBYDEV, HINT, TEMPER) 
 VALUES ('2021-01-03 10:23:22',1609643774,540127960,540127960,18804,NULL,'','0',15360,NULL,0,NULL,NULL,NULL,NULL,NULL,NULL,0,0,7,0,'N',160964377405401279600000018804,NULL),('2021-01-03 10:23:22',1609644203,540127960,540127960,18805,NULL,'','0',15104,NULL,0,NULL,NULL,NULL,NULL,NULL,NULL,0,0,7,0,'N',160964420305401279600000018805,NULL);

21/01/03 10:23:22.816991 E <SYS> [0x00001714] Device Id : 540127960 Log Index: 18805

21/01/03 10:23:22.816991 E <SYS> [0x00001714] insert failed 
21/01/03 10:23:23.004472 E <SYS> [0x000018f0] handle error packet: [packet] code=256,codeStr=BS2_PROTO_UNSUPPORTED,device=540132441,cmd=0x107,cmdstr=BS2_CMD_GET_CONFIG_EX,seq=16,version=3,payload=0,param1=0,param2=0,flag=3,option=256,index=0,total=0
21/01/03 10:23:42.429679 E <SYS> [0x000018f0] handle error packet: [packet] code=256,codeStr=BS2_PROTO_UNSUPPORTED,device=540127958,cmd=0x107,cmdstr=BS2_CMD_GET_CONFIG_EX,seq=14,version=3,payload=0,param1=0,param2=0,flag=3,option=256,index=0,total=0
21/01/03 10:23:42.429679 E <SYS> [0x000018f0] handle error packet: [packet] code=256,codeStr=BS2_PROTO_UNSUPPORTED,device=540132200,cmd=0x107,cmdstr=BS2_CMD_GET_CONFIG_EX,seq=14,version=3,payload=0,param1=0,param2=0,flag=3,option=256,index=0,total=0
21/01/03 10:23:42.523407 E <SYS> [0x00000254] Cannot execute the command: 
 UPDATE T_DEV 
    SET STA = :1 
  WHERE DEVID IN (540132200)
Error code=1213
Deadlock found when trying to get lock; try restarting transaction
21/01/03 10:58:38.230071 E <NET> [0x00002744] no response for keep alive: [DeviceTcpConnection] ptr=000000E6CE36C3F0,device=540132200,type=12,mode=0,status=4
21/01/03 10:58:38.230071 E <NET> [0x00001410] no response for keep alive: [DeviceTcpConnection] ptr=000000E6CE36B8D0,device=540127958,type=12,mode=0,status=4
21/01/03 10:58:38.230071 E <NET> [0x000018f0] tcp failed to read header: [DeviceTcpConnection] ptr=000000E6CE36B8D0,device=540127958,type=12,mode=0,status=4,error=The I/O operation has been aborted because of either a thread exit or an application request
21/01/03 10:58:47.561676 E <NET> [0x00000254] no response for keep alive: [DeviceTcpConnection] ptr=000000E6CE369D00,device=540133103,type=12,mode=1,status=4
21/01/03 10:58:47.561676 E <NET> [0x0000255c] tcp failed to read header: [DeviceTcpConnection] ptr=000000E6CE369D00,device=540133103,type=12,mode=1,status=0,error=The I/O operation has been aborted because of either a thread exit or an application request
21/01/03 10:58:48.233977 E <NET> [0x00000254] no response for keep alive: [DeviceTcpConnection] ptr=000000E6CE36BE60,device=540127960,type=12,mode=1,status=4
21/01/03 10:58:48.233977 E <NET> [0x0000255c] tcp failed to read header: [DeviceTcpConnection] ptr=000000E6CE36BE60,device=540127960,type=12,mode=1,status=0,error=The I/O operation has been aborted because of either a thread exit or an application request
21/01/03 10:58:48.640228 E <NET> [0x00000254] no response for keep alive: [DeviceTcpConnection] ptr=000000E6CE36A290,device=540132441,type=12,mode=1,status=4
21/01/03 10:58:48.640228 E <NET> [0x0000255c] tcp failed to read header: [DeviceTcpConnection] ptr=000000E6CE36A290,device=540132441,type=12,mode=1,status=4,error=The I/O operation has been aborted because of either a thread exit or an application request
21/01/03 10:58:52.640244 E <NET> [0x00000254] no response for keep alive: [DeviceTcpConnection] ptr=000000E6CE36A820,device=540132450,type=12,mode=1,status=4
21/01/03 10:58:52.640244 E <NET> [0x0000255c] tcp failed to read header: [DeviceTcpConnection] ptr=000000E6CE36A820,device=540132450,type=12,mode=1,status=4,error=The I/O operation has been aborted because of either a thread exit or an application request
21/01/03 10:58:56.421563 E <NET> [0x00000254] no response for keep alive: [DeviceTcpConnection] ptr=000000E6CE36ADB0,device=540132202,type=12,mode=1,status=4
21/01/03 10:58:56.421563 E <NET> [0x0000255c] tcp failed to read header: [DeviceTcpConnection] ptr=000000E6CE36ADB0,device=540132202,type=12,mode=1,status=0,error=The I/O operation has been aborted because of either a thread exit or an application request
21/01/03 10:58:57.577806 E <NET> [0x00000254] no response for keep alive: [DeviceTcpConnection] ptr=000000E6CE36D4A0,device=540132442,type=12,mode=1,status=4
21/01/03 10:58:57.577806 E <NET> [0x0000255c] tcp failed to read header: [DeviceTcpConnection] ptr=000000E6CE36D4A0,device=540132442,type=12,mode=1,status=4,error=The I/O operation has been aborted because of either a thread exit or an application request
21/01/03 10:59:03.531416 E <NET> [0x0000255c] failed to connect: ip=10.120.50.193,port=51211,error=10060
21/01/03 10:59:03.562664 E <NET> [0x0000255c] failed to connect: ip=10.120.50.192,port=51211,error=10060
21/01/03 11:00:03.541910 E <NET> [0x0000255c] failed to connect: ip=10.120.50.193,port=51211,error=10060
21/01/03 11:00:03.557536 E <NET> [0x0000255c] failed to connect: ip=10.120.50.192,port=51211,error=10060
21/01/03 11:01:03.556350 E <NET> [0x0000255c] failed to connect: ip=10.120.50.193,port=51211,error=10060
21/01/03 11:01:03.571972 E <NET> [0x0000255c] failed to connect: ip=10.120.50.192,port=51211,error=10060
21/01/03 11:02:03.562444 E <NET> [0x000018f0] failed to connect: ip=10.120.50.192,port=51211,error=10060
21/01/03 11:02:03.562444 E <NET> [0x0000255c] failed to connect: ip=10.120.50.193,port=51211,error=10060
21/01/03 11:03:03.572233 E <NET> [0x000018f0] failed to connect: ip=10.120.50.193,port=51211,error=10060
21/01/03 11:03:03.603498 E <NET> [0x000018f0] failed to connect: ip=10.120.50.192,port=51211,error=10060
21/01/03 11:04:03.593738 E <NET> [0x000018f0] failed to connect: ip=10.120.50.193,port=51211,error=10060
21/01/03 11:04:03.593738 E <NET> [0x0000255c] failed to connect: ip=10.120.50.192,port=51211,error=10060
21/01/03 11:04:57.568616 E <SYS> [0x000011ec] handle error packet: [packet] code=256,codeStr=BS2_PROTO_UNSUPPORTED,device=540127960,cmd=0x107,cmdstr=BS2_CMD_GET_CONFIG_EX,seq=20,version=3,payload=0,param1=0,param2=0,flag=3,option=256,index=0,total=0
21/01/03 11:04:58.068605 E <SYS> [0x000011ec] handle error packet: [packet] code=256,codeStr=BS2_PROTO_UNSUPPORTED,device=540132442,cmd=0x107,cmdstr=BS2_CMD_GET_CONFIG_EX,seq=20,version=3,payload=0,param1=0,param2=0,flag=3,option=256,index=0,total=0
21/01/03 11:04:58.193599 E <SYS> [0x000018f0] handle error packet: [packet] code=256,codeStr=BS2_PROTO_UNSUPPORTED,device=540132450,cmd=0x107,cmdstr=BS2_CMD_GET_CONFIG_EX,seq=32,version=3,payload=0,param1=0,param2=0,flag=3,option=256,index=0,total=0
21/01/03 11:04:58.240470 E <SYS> [0x000009c4] Cannot execute the command: 
 UPDATE T_DEV 
    SET STA = :1 
  WHERE DEVID IN (540132450)
Error code=1213
Deadlock found when trying to get lock; try restarting transaction
21/01/03 11:05:00.615480 E <SYS> [0x000011ec] handle error packet: [packet] code=256,codeStr=BS2_PROTO_UNSUPPORTED,device=540133103,cmd=0x107,cmdstr=BS2_CMD_GET_CONFIG_EX,seq=20,version=3,payload=0,param1=0,param2=0,flag=3,option=256,index=0,total=0
21/01/03 11:05:00.927980 E <SYS> [0x0000255c] handle error packet: [packet] code=256,codeStr=BS2_PROTO_UNSUPPORTED,device=540132202,cmd=0x107,cmdstr=BS2_CMD_GET_CONFIG_EX,seq=20,version=3,payload=0,param1=0,param2=0,flag=3,option=256,index=0,total=0
21/01/03 11:05:00.990492 E <SYS> [0x00002744] Cannot execute the command: 
 UPDATE T_DEV 
    SET STA = :1 
  WHERE DEVID IN (540132202)
Error code=1213
Deadlock found when trying to get lock; try restarting transaction
21/01/03 11:05:03.584375 E <NET> [0x0000255c] failed to connect: ip=10.120.50.192,port=51211,error=10060
21/01/03 11:05:03.584375 E <NET> [0x000018f0] failed to connect: ip=10.120.50.193,port=51211,error=10060
21/01/03 11:05:09.459384 E <SYS> [0x000018f0] handle error packet: [packet] code=256,codeStr=BS2_PROTO_UNSUPPORTED,device=540132441,cmd=0x107,cmdstr=BS2_CMD_GET_CONFIG_EX,seq=24,version=3,payload=0,param1=0,param2=0,flag=3,option=256,index=0,total=0
21/01/03 11:05:45.727681 E <SYS> [0x0000255c] handle error packet: [packet] code=256,codeStr=BS2_PROTO_UNSUPPORTED,device=540127958,cmd=0x107,cmdstr=BS2_CMD_GET_CONFIG_EX,seq=20,version=3,payload=0,param1=0,param2=0,flag=3,option=256,index=0,total=0
21/01/03 11:05:45.743288 E <SYS> [0x000018f0] handle error packet: [packet] code=256,codeStr=BS2_PROTO_UNSUPPORTED,device=540132200,cmd=0x107,cmdstr=BS2_CMD_GET_CONFIG_EX,seq=20,version=3,payload=0,param1=0,param2=0,flag=3,option=256,index=0,total=0
21/01/03 11:05:45.821444 E <SYS> [0x00001410] Cannot execute the command: 
 UPDATE T_DEV 
    SET STA = :1 
  WHERE DEVID IN (540132200)
Error code=1213
Deadlock found when trying to get lock; try restarting transaction
