21/01/14 00:01:40.557651: <info> BS2ServiceHandler state: 1 type:0
21/01/14 00:01:40.557651: <info> BS2ServiceHandlerEx lpContext = CGIServer
21/01/14 00:01:40.557651: <info> BS2StartBiostarServer Stop Log
21/01/14 00:01:40.557651: <info> command stop biostar
21/01/14 00:01:40.557651: <info> stopBiostar: req_set_biostar_stop
21/01/14 00:01:40.776401: <info> waitForExitBiostar. exit biostar success.
21/01/14 00:01:40.776401: <info> Launcher Service End!
21/01/14 00:01:45.137021: <info> biostar_restart_wait_time_in_seconds_ is set to 5
21/01/14 00:01:45.137021: <trace> biostar version : 2.8.6.38
21/01/14 00:01:45.137021: <trace> ac version : 2.8.6.92
21/01/14 00:01:45.137021: <trace> ta version : 2.8.6.63
21/01/14 00:01:45.137021: <info> ================= launcher start ====================
21/01/14 00:01:45.652626: <info> launcher service name:BioStar 2 Launcher(x64)
21/01/14 00:01:45.652626: <info> BS2ServiceMain Func Start Log
21/01/14 00:01:45.652626: <info> RegisterServiceCtrlHandler success
21/01/14 00:01:45.652626: <info> Launcher Service Start!
21/01/14 00:01:45.652626: <info> FixedErrorFiles. std exception - code:./repair.dat: cannot open file
21/01/14 00:01:45.652626: <info> BS2StartBiostarServer Start Log
21/01/14 16:17:33.977010: <info> BS2ServiceHandler state: 1 type:0
21/01/14 16:17:33.977010: <info> BS2ServiceHandlerEx lpContext = CGIServer
21/01/14 16:17:33.977010: <info> BS2StartBiostarServer Stop Log
21/01/14 16:17:33.977010: <info> command stop biostar
21/01/14 16:17:33.977010: <info> stopBiostar: req_set_biostar_stop
21/01/14 16:17:34.086390: <info> waitForExitBiostar. exit biostar success.
21/01/14 16:17:34.086390: <info> Launcher Service End!
21/01/14 16:17:34.086390: <info> biostar_restart_wait_time_in_seconds_ is set to 5
21/01/14 16:17:34.102027: <trace> biostar version : 2.8.6.38
21/01/14 16:17:34.102027: <trace> ac version : 2.8.6.92
21/01/14 16:17:34.102027: <trace> ta version : 2.8.6.63
21/01/14 16:17:34.102027: <info> ================= launcher start ====================
21/01/14 16:17:34.617644: <info> launcher service name:BioStar 2 Launcher(x64)
21/01/14 16:17:34.617644: <info> BS2ServiceMain Func Start Log
21/01/14 16:17:34.617644: <info> RegisterServiceCtrlHandler success
21/01/14 16:17:34.617644: <info> Launcher Service Start!
21/01/14 16:17:34.617644: <info> FixedErrorFiles. std exception - code:./repair.dat: cannot open file
21/01/14 16:17:34.617644: <info> BS2StartBiostarServer Start Log
21/01/14 23:59:00.582888: <info> BS2ServiceHandler state: 1 type:0
21/01/14 23:59:00.582888: <info> BS2ServiceHandlerEx lpContext = CGIServer
21/01/14 23:59:00.582888: <info> BS2StartBiostarServer Stop Log
21/01/14 23:59:00.582888: <info> command stop biostar
21/01/14 23:59:00.582888: <info> stopBiostar: req_set_biostar_stop
21/01/14 23:59:01.615506: <info> waitForExitBiostar. exit biostar success.
21/01/14 23:59:01.615506: <info> Launcher Service End!
21/01/14 23:59:01.881106: <info> biostar_restart_wait_time_in_seconds_ is set to 5
21/01/14 23:59:01.881106: <trace> biostar version : 2.8.6.38
21/01/14 23:59:01.881106: <trace> ac version : 2.8.6.92
21/01/14 23:59:01.881106: <trace> ta version : 2.8.6.63
21/01/14 23:59:01.881106: <info> ================= launcher start ====================
21/01/14 23:59:02.412356: <info> launcher service name:BioStar 2 Launcher(x64)
21/01/14 23:59:02.412356: <info> BS2ServiceMain Func Start Log
21/01/14 23:59:02.412356: <info> RegisterServiceCtrlHandler success
21/01/14 23:59:02.412356: <info> Launcher Service Start!
21/01/14 23:59:02.412356: <info> FixedErrorFiles. std exception - code:./repair.dat: cannot open file
21/01/14 23:59:02.412356: <info> BS2StartBiostarServer Start Log
