20/12/22 21:57:24.249523: <info> BS2ServiceHandler state: 1 type:0
20/12/22 21:57:24.249523: <info> BS2ServiceHandlerEx lpContext = CGIServer
20/12/22 21:57:24.249523: <info> BS2StartBiostarServer Stop Log
20/12/22 21:57:24.249523: <info> command stop biostar
20/12/22 21:57:24.249523: <info> stopBiostar: req_set_biostar_stop
20/12/22 21:57:24.483907: <info> waitForExitBiostar. exit biostar success.
20/12/22 21:57:24.483907: <info> Launcher Service End!
20/12/22 21:57:28.421452: <info> biostar_restart_wait_time_in_seconds_ is set to 5
20/12/22 21:57:28.421452: <trace> biostar version : 2.8.6.38
20/12/22 21:57:28.421452: <trace> ac version : 2.8.6.92
20/12/22 21:57:28.421452: <trace> ta version : 2.8.6.63
20/12/22 21:57:28.421452: <info> ================= launcher start ====================
20/12/22 21:57:28.937050: <info> launcher service name:BioStar 2 Launcher(x64)
20/12/22 21:57:28.937050: <info> BS2ServiceMain Func Start Log
20/12/22 21:57:28.937050: <info> RegisterServiceCtrlHandler success
20/12/22 21:57:28.937050: <info> Launcher Service Start!
20/12/22 21:57:28.937050: <info> FixedErrorFiles. std exception - code:./repair.dat: cannot open file
20/12/22 21:57:28.937050: <info> BS2StartBiostarServer Start Log
20/12/22 22:14:34.146670: <info> BS2ServiceHandler state: 1 type:0
20/12/22 22:14:34.146670: <info> BS2ServiceHandlerEx lpContext = CGIServer
20/12/22 22:14:34.146670: <info> BS2StartBiostarServer Stop Log
20/12/22 22:14:34.146670: <info> command stop biostar
20/12/22 22:14:34.146670: <info> stopBiostar: req_set_biostar_stop
20/12/22 22:14:34.490435: <info> waitForExitBiostar. exit biostar success.
20/12/22 22:14:34.490435: <info> Launcher Service End!
20/12/22 22:14:38.319341: <info> biostar_restart_wait_time_in_seconds_ is set to 5
20/12/22 22:14:38.319341: <trace> biostar version : 2.8.6.38
20/12/22 22:14:38.319341: <trace> ac version : 2.8.6.92
20/12/22 22:14:38.319341: <trace> ta version : 2.8.6.63
20/12/22 22:14:38.319341: <info> ================= launcher start ====================
20/12/22 22:14:38.819343: <info> launcher service name:BioStar 2 Launcher(x64)
20/12/22 22:14:38.819343: <info> BS2ServiceMain Func Start Log
20/12/22 22:14:38.819343: <info> RegisterServiceCtrlHandler success
20/12/22 22:14:38.819343: <info> Launcher Service Start!
20/12/22 22:14:38.819343: <info> FixedErrorFiles. std exception - code:./repair.dat: cannot open file
20/12/22 22:14:38.819343: <info> BS2StartBiostarServer Start Log
20/12/22 22:17:05.983427: <info> BS2ServiceHandler state: 1 type:0
20/12/22 22:17:05.983427: <info> BS2ServiceHandlerEx lpContext = CGIServer
20/12/22 22:17:05.983427: <info> BS2StartBiostarServer Stop Log
20/12/22 22:17:05.983427: <info> command stop biostar
20/12/22 22:17:05.983427: <info> stopBiostar: req_set_biostar_stop
20/12/22 22:17:06.436570: <info> waitForExitBiostar. exit biostar success.
20/12/22 22:17:06.436570: <info> Launcher Service End!
20/12/22 22:17:07.295933: <info> biostar_restart_wait_time_in_seconds_ is set to 5
20/12/22 22:17:07.295933: <trace> biostar version : 2.8.6.38
20/12/22 22:17:07.295933: <trace> ac version : 2.8.6.92
20/12/22 22:17:07.295933: <trace> ta version : 2.8.6.63
20/12/22 22:17:07.295933: <info> ================= launcher start ====================
20/12/22 22:17:07.811569: <info> launcher service name:BioStar 2 Launcher(x64)
20/12/22 22:17:07.811569: <info> BS2ServiceMain Func Start Log
20/12/22 22:17:07.811569: <info> RegisterServiceCtrlHandler success
20/12/22 22:17:07.811569: <info> Launcher Service Start!
20/12/22 22:17:07.811569: <info> FixedErrorFiles. std exception - code:./repair.dat: cannot open file
20/12/22 22:17:07.811569: <info> BS2StartBiostarServer Start Log
