2020/10/22 16:56:23 => ================= Log Start ====================
2020/10/22 16:56:23 => video service name:BioStar 2 Video Web Server(x64)
2020/10/22 16:56:23 => VeApp Service KillService
2020/10/22 16:56:23 => OpenService failed, error code = error code:1060 - The specified service does not exist as an installed service.

2020/10/22 16:56:23 => ================= Log Start ====================
2020/10/22 16:56:24 => video service name:BioStar 2 Video Web Server(x64)
2020/10/22 16:56:24 => VeApp Service Install
2020/10/22 16:56:24 => Service installed success
2020/10/22 16:56:24 => ================= Log Start ====================
2020/10/22 16:56:24 => video service name:BioStar 2 Video Web Server(x64)
2020/10/22 16:56:24 => Ve Service RunService
2020/10/22 16:56:24 => ================= Log Start ====================
2020/10/22 16:56:25 => video service name:BioStar 2 Video Web Server(x64)
2020/10/22 16:56:25 => VE BS2ServiceMain Func Start Log
2020/10/22 16:56:25 => RegisterServiceCtrlHandler success
2020/10/22 16:56:25 => VeApp Service Start
2020/10/22 16:56:25 => NODE_ENV: production
2020/10/22 16:56:25 => VE_HOME: C:\Program Files\BioStar 2(x64)\ve
2020/10/22 16:56:25 => NODE_PATH: C:\Program Files\BioStar 2(x64)\ta\nodejs-win64\node.exe
2020/10/22 16:56:25 => RunApp execute string: C:\Program Files\BioStar 2(x64)\ta\nodejs-win64\node.exe "C:\Program Files\BioStar 2(x64)\ve\dist\index.js"
2020/10/22 16:56:25 => RunApp execute : C:\Program Files\BioStar 2(x64)\ta\nodejs-win64\node.exe "C:\Program Files\BioStar 2(x64)\ve\dist\index.js", arg : "C:\Program Files\BioStar 2(x64)\ve\dist\index.js"
2020/10/22 16:56:26 => {
    "BioStar": {
        "server_matching": {
            "cpu-core-num": "6"
        }
    }
}

2020/10/22 16:56:26 => Set service status to running.
2020/10/22 16:56:26 => Wait for stop event...
2020/10/22 16:56:26 => Start thread check process : current tid=3116
2020/10/22 16:56:36 => BS2VeApp status code = 13
2020/10/22 16:56:36 => NODE_ENV: production
2020/10/22 16:56:36 => VE_HOME: C:\Program Files\BioStar 2(x64)\ve
2020/10/22 16:56:36 => NODE_PATH: C:\Program Files\BioStar 2(x64)\ta\nodejs-win64\node.exe
2020/10/22 16:56:36 => RunApp execute string: C:\Program Files\BioStar 2(x64)\ta\nodejs-win64\node.exe "C:\Program Files\BioStar 2(x64)\ve\dist\index.js"
2020/10/22 16:56:36 => RunApp execute : C:\Program Files\BioStar 2(x64)\ta\nodejs-win64\node.exe "C:\Program Files\BioStar 2(x64)\ve\dist\index.js", arg : "C:\Program Files\BioStar 2(x64)\ve\dist\index.js"
2020/10/22 16:56:47 => BS2VeApp status code = 13
2020/10/22 16:56:47 => NODE_ENV: production
2020/10/22 16:56:47 => VE_HOME: C:\Program Files\BioStar 2(x64)\ve
2020/10/22 16:56:47 => NODE_PATH: C:\Program Files\BioStar 2(x64)\ta\nodejs-win64\node.exe
2020/10/22 16:56:47 => RunApp execute string: C:\Program Files\BioStar 2(x64)\ta\nodejs-win64\node.exe "C:\Program Files\BioStar 2(x64)\ve\dist\index.js"
2020/10/22 16:56:47 => RunApp execute : C:\Program Files\BioStar 2(x64)\ta\nodejs-win64\node.exe "C:\Program Files\BioStar 2(x64)\ve\dist\index.js", arg : "C:\Program Files\BioStar 2(x64)\ve\dist\index.js"
2020/10/22 16:56:58 => BS2VeApp status code = 222
2020/10/22 16:56:58 => VeApp Service KillService
2020/10/22 16:56:58 => BS2ServiceHandlerEx current state = 4
2020/10/22 16:56:58 => BS2ServiceHandlerEx new state = 1
2020/10/22 16:56:58 => BS2ServiceHandlerEx event type = 0
2020/10/22 16:56:58 => BS2ServiceHandlerEx lpContext = VEServer
2020/10/22 16:56:58 => BS2ServiceHandlerEx Service Stop
2020/10/22 16:56:58 => BS2ServiceHandlerEx service will be terminated...
2020/10/22 16:56:58 => BS2StopVeApp Stop Log
2020/10/22 16:56:59 => BS2VeApp status code = 222
2020/10/22 16:56:59 => BS2VeApp status unsigned code = 222
2020/10/22 16:56:59 => Wake up! LastError:error code:183 - Cannot create a file when that file already exists.

2020/10/22 16:56:59 => VeApp Service End!!
2020/10/22 16:56:59 => Set service status to stopped.
2020/10/22 17:19:42 => ================= Log Start ====================
2020/10/22 17:19:42 => video service name:BioStar 2 Video Web Server(x64)
2020/10/22 17:19:42 => VE BS2ServiceMain Func Start Log
2020/10/22 17:19:42 => RegisterServiceCtrlHandler success
2020/10/22 17:19:42 => VeApp Service Start
2020/10/22 17:19:42 => NODE_ENV: production
2020/10/22 17:19:42 => VE_HOME: C:\Program Files\BioStar 2(x64)\ve
2020/10/22 17:19:42 => NODE_PATH: C:\Program Files\BioStar 2(x64)\ta\nodejs-win64\node.exe
2020/10/22 17:19:42 => RunApp execute string: C:\Program Files\BioStar 2(x64)\ta\nodejs-win64\node.exe "C:\Program Files\BioStar 2(x64)\ve\dist\index.js"
2020/10/22 17:19:42 => RunApp execute : C:\Program Files\BioStar 2(x64)\ta\nodejs-win64\node.exe "C:\Program Files\BioStar 2(x64)\ve\dist\index.js", arg : "C:\Program Files\BioStar 2(x64)\ve\dist\index.js"
2020/10/22 17:19:43 => {
    "BioStar": {
        "server_matching": {
            "cpu-core-num": "6"
        }
    }
}

2020/10/22 17:19:43 => Set service status to running.
2020/10/22 17:19:43 => Wait for stop event...
2020/10/22 17:19:43 => Start thread check process : current tid=3496
2020/10/22 17:19:53 => BS2VeApp status code = 222
2020/10/22 17:19:53 => VeApp Service KillService
2020/10/22 17:19:53 => BS2ServiceHandlerEx current state = 4
2020/10/22 17:19:53 => BS2ServiceHandlerEx new state = 1
2020/10/22 17:19:53 => BS2ServiceHandlerEx event type = 0
2020/10/22 17:19:53 => BS2ServiceHandlerEx lpContext = VEServer
2020/10/22 17:19:53 => BS2ServiceHandlerEx Service Stop
2020/10/22 17:19:53 => BS2ServiceHandlerEx service will be terminated...
2020/10/22 17:19:53 => BS2StopVeApp Stop Log
2020/10/22 17:19:54 => BS2VeApp status code = 222
2020/10/22 17:19:54 => BS2VeApp status unsigned code = 222
2020/10/22 17:19:54 => Wake up! LastError:error code:183 - Cannot create a file when that file already exists.

2020/10/22 17:19:54 => VeApp Service End!!
2020/10/22 17:19:54 => Set service status to stopped.
2020/10/22 17:29:01 => ================= Log Start ====================
2020/10/22 17:29:01 => video service name:BioStar 2 Video Web Server(x64)
2020/10/22 17:29:01 => VE BS2ServiceMain Func Start Log
2020/10/22 17:29:01 => RegisterServiceCtrlHandler success
2020/10/22 17:29:01 => VeApp Service Start
2020/10/22 17:29:01 => NODE_ENV: production
2020/10/22 17:29:01 => VE_HOME: C:\Program Files\BioStar 2(x64)\ve
2020/10/22 17:29:01 => NODE_PATH: C:\Program Files\BioStar 2(x64)\ta\nodejs-win64\node.exe
2020/10/22 17:29:01 => RunApp execute string: C:\Program Files\BioStar 2(x64)\ta\nodejs-win64\node.exe "C:\Program Files\BioStar 2(x64)\ve\dist\index.js"
2020/10/22 17:29:01 => RunApp execute : C:\Program Files\BioStar 2(x64)\ta\nodejs-win64\node.exe "C:\Program Files\BioStar 2(x64)\ve\dist\index.js", arg : "C:\Program Files\BioStar 2(x64)\ve\dist\index.js"
2020/10/22 17:29:02 => {
    "BioStar": {
        "server_matching": {
            "cpu-core-num": "6"
        }
    }
}

2020/10/22 17:29:02 => Set service status to running.
2020/10/22 17:29:02 => Wait for stop event...
2020/10/22 17:29:02 => Start thread check process : current tid=3128
2020/10/22 17:29:12 => BS2VeApp status code = 222
2020/10/22 17:29:12 => VeApp Service KillService
2020/10/22 17:29:12 => BS2ServiceHandlerEx current state = 4
2020/10/22 17:29:12 => BS2ServiceHandlerEx new state = 1
2020/10/22 17:29:12 => BS2ServiceHandlerEx event type = 0
2020/10/22 17:29:12 => BS2ServiceHandlerEx lpContext = VEServer
2020/10/22 17:29:12 => BS2ServiceHandlerEx Service Stop
2020/10/22 17:29:12 => BS2ServiceHandlerEx service will be terminated...
2020/10/22 17:29:12 => BS2StopVeApp Stop Log
2020/10/22 17:29:13 => BS2VeApp status code = 222
2020/10/22 17:29:13 => BS2VeApp status unsigned code = 222
2020/10/22 17:29:13 => KillService success
2020/10/22 17:29:13 => Exit thread check process : current tid=3128
2020/10/22 17:29:13 => VeApp Service End!!
2020/10/22 17:29:13 => Set service status to stopped.
2020/11/27 13:23:23 => ================= Log Start ====================
2020/11/27 13:23:23 => video service name:BioStar 2 Video Web Server(x64)
2020/11/27 13:23:23 => VE BS2ServiceMain Func Start Log
2020/11/27 13:23:23 => RegisterServiceCtrlHandler success
2020/11/27 13:23:23 => VeApp Service Start
2020/11/27 13:23:23 => NODE_ENV: production
2020/11/27 13:23:23 => VE_HOME: C:\Program Files\BioStar 2(x64)\ve
2020/11/27 13:23:23 => NODE_PATH: C:\Program Files\BioStar 2(x64)\ta\nodejs-win64\node.exe
2020/11/27 13:23:23 => RunApp execute string: C:\Program Files\BioStar 2(x64)\ta\nodejs-win64\node.exe "C:\Program Files\BioStar 2(x64)\ve\dist\index.js"
2020/11/27 13:23:23 => RunApp execute : C:\Program Files\BioStar 2(x64)\ta\nodejs-win64\node.exe "C:\Program Files\BioStar 2(x64)\ve\dist\index.js", arg : "C:\Program Files\BioStar 2(x64)\ve\dist\index.js"
2020/11/27 13:23:24 => {
    "BioStar": {
        "server_matching": {
            "cpu-core-num": "6"
        }
    }
}

2020/11/27 13:23:24 => Set service status to running.
2020/11/27 13:23:24 => Wait for stop event...
2020/11/27 13:23:24 => Start thread check process : current tid=5680
2020/11/27 13:23:34 => BS2VeApp status code = 222
2020/11/27 13:23:34 => VeApp Service KillService
2020/11/27 13:23:34 => BS2ServiceHandlerEx current state = 4
2020/11/27 13:23:34 => BS2ServiceHandlerEx new state = 1
2020/11/27 13:23:34 => BS2ServiceHandlerEx event type = 0
2020/11/27 13:23:34 => BS2ServiceHandlerEx lpContext = VEServer
2020/11/27 13:23:34 => BS2ServiceHandlerEx Service Stop
2020/11/27 13:23:34 => BS2ServiceHandlerEx service will be terminated...
2020/11/27 13:23:34 => BS2StopVeApp Stop Log
2020/11/27 13:23:35 => BS2VeApp status code = 222
2020/11/27 13:23:35 => BS2VeApp status unsigned code = 222
2020/11/27 13:23:35 => KillService success
2020/11/27 13:23:35 => Exit thread check process : current tid=5680
2020/11/27 13:23:35 => VeApp Service End!!
2020/11/27 13:23:35 => Set service status to stopped.
2021/01/14 15:25:09 => ================= Log Start ====================
2021/01/14 15:25:09 => video service name:BioStar 2 Video Web Server(x64)
2021/01/14 15:25:09 => VE BS2ServiceMain Func Start Log
2021/01/14 15:25:09 => RegisterServiceCtrlHandler success
2021/01/14 15:25:09 => VeApp Service Start
2021/01/14 15:25:09 => NODE_ENV: production
2021/01/14 15:25:09 => VE_HOME: C:\Program Files\BioStar 2(x64)\ve
2021/01/14 15:25:09 => NODE_PATH: C:\Program Files\BioStar 2(x64)\ta\nodejs-win64\node.exe
2021/01/14 15:25:09 => RunApp execute string: C:\Program Files\BioStar 2(x64)\ta\nodejs-win64\node.exe "C:\Program Files\BioStar 2(x64)\ve\dist\index.js"
2021/01/14 15:25:09 => RunApp execute : C:\Program Files\BioStar 2(x64)\ta\nodejs-win64\node.exe "C:\Program Files\BioStar 2(x64)\ve\dist\index.js", arg : "C:\Program Files\BioStar 2(x64)\ve\dist\index.js"
2021/01/14 15:25:10 => {
    "BioStar": {
        "server_matching": {
            "cpu-core-num": "6"
        }
    }
}

2021/01/14 15:25:10 => Set service status to running.
2021/01/14 15:25:10 => Wait for stop event...
2021/01/14 15:25:10 => Start thread check process : current tid=6152
2021/01/14 15:25:30 => BS2VeApp status code = 13
2021/01/14 15:25:30 => NODE_ENV: production
2021/01/14 15:25:30 => VE_HOME: C:\Program Files\BioStar 2(x64)\ve
2021/01/14 15:25:30 => NODE_PATH: C:\Program Files\BioStar 2(x64)\ta\nodejs-win64\node.exe
2021/01/14 15:25:30 => RunApp execute string: C:\Program Files\BioStar 2(x64)\ta\nodejs-win64\node.exe "C:\Program Files\BioStar 2(x64)\ve\dist\index.js"
2021/01/14 15:25:30 => RunApp execute : C:\Program Files\BioStar 2(x64)\ta\nodejs-win64\node.exe "C:\Program Files\BioStar 2(x64)\ve\dist\index.js", arg : "C:\Program Files\BioStar 2(x64)\ve\dist\index.js"
2021/01/14 15:25:41 => BS2VeApp status code = 13
2021/01/14 15:25:41 => NODE_ENV: production
2021/01/14 15:25:41 => VE_HOME: C:\Program Files\BioStar 2(x64)\ve
2021/01/14 15:25:41 => NODE_PATH: C:\Program Files\BioStar 2(x64)\ta\nodejs-win64\node.exe
2021/01/14 15:25:41 => RunApp execute string: C:\Program Files\BioStar 2(x64)\ta\nodejs-win64\node.exe "C:\Program Files\BioStar 2(x64)\ve\dist\index.js"
2021/01/14 15:25:41 => RunApp execute : C:\Program Files\BioStar 2(x64)\ta\nodejs-win64\node.exe "C:\Program Files\BioStar 2(x64)\ve\dist\index.js", arg : "C:\Program Files\BioStar 2(x64)\ve\dist\index.js"
2021/01/14 15:25:52 => BS2VeApp status code = 222
2021/01/14 15:25:52 => VeApp Service KillService
2021/01/14 15:25:52 => BS2ServiceHandlerEx current state = 4
2021/01/14 15:25:52 => BS2ServiceHandlerEx new state = 1
2021/01/14 15:25:52 => BS2ServiceHandlerEx event type = 0
2021/01/14 15:25:52 => BS2ServiceHandlerEx lpContext = VEServer
2021/01/14 15:25:52 => BS2ServiceHandlerEx Service Stop
2021/01/14 15:25:52 => BS2ServiceHandlerEx service will be terminated...
2021/01/14 15:25:52 => BS2StopVeApp Stop Log
2021/01/14 15:25:53 => BS2VeApp status code = 222
2021/01/14 15:25:53 => BS2VeApp status unsigned code = 222
2021/01/14 15:25:53 => KillService success
2021/01/14 15:25:53 => Exit thread check process : current tid=6152
2021/01/14 15:25:53 => VeApp Service End!!
2021/01/14 15:25:53 => Set service status to stopped.
